2023-11-02 12:07:45.493 +0530 [debug] ([34mconfigs.js[0m) [31mloaded default configs as "{"updates":{"manifest_url":"https://cdn.freshdev.io/assets/fdk/pv3_updates.json","period":24},"log":{"level":"info"},"javascript":{"ecma_version":2020},"request":{"timeout":5000},"global_apps":{"enabled":false},"easel":{"enabled":false}}"[0m
2023-11-02 12:07:45.497 +0530 [debug] ([34mconfigs.js[0m) [31mloaded global configs as "{"global_apps":{"enabled":"true"}}"[0m
2023-11-02 12:07:45.497 +0530 [debug] ([34mfile.js[0m) [31mError while requiring /Users/saifas/MyLab/freshworks-apps/global-app-features/product-events/.fdk/configs.json: Cannot find module '/Users/saifas/MyLab/freshworks-apps/global-app-features/product-events/.fdk/configs.json'
Require stack:
- /usr/local/lib/node_modules/fdk/lib/utils/file.js
- /usr/local/lib/node_modules/fdk/lib/configs.js
- /usr/local/lib/node_modules/fdk/lib/logger.js
- /usr/local/lib/node_modules/fdk/index.js[0m
2023-11-02 12:07:45.497 +0530 [debug] ([34mconfigs.js[0m) [31mloaded local configs as "{}"[0m
2023-11-02 12:07:45.498 +0530 [debug] ([34mconfigs.js[0m) [31mloaded env configs as "{"updates":{},"log":{},"javascript":{},"request":{"timeout":5000}}"[0m
2023-11-02 12:07:45.498 +0530 [debug] ([34mconfigs.js[0m) [31mloaded resolved configs as "{"updates":{"manifest_url":"https://cdn.freshdev.io/assets/fdk/pv3_updates.json","period":24},"log":{"level":"info"},"javascript":{"ecma_version":2020},"request":{"timeout":5000},"global_apps":{"enabled":"true"},"easel":{"enabled":false}}"[0m
2023-11-02 12:07:45.498 +0530 [debug] ([34mlogger.js[0m) [31mStarting FDK in node v18.16.1 on darwin[0m
2023-11-02 12:07:45.498 +0530 [debug] ([34msequelize.js[0m) [31msetting up sqilite at "/Users/saifas/MyLab/freshworks-apps/global-app-features/product-events/.fdk/store.sqlite"[0m
2023-11-02 12:07:45.498 +0530 [debug] ([34mdata.js[0m) [31mRead {"version_details":{"cli":{"deprecated":{"version":"<9","message":"This FDK version will be deprecated by September 30, 2023 There will be no further feature updates to this version. For a seamless app building experience, ensure to move to the latest FDK version. For more information, see https://developers.freshdesk.com/v2/docs/migration-overview/#latest_platform_version_migration."},"forced":{"version":"7.0.0","command":"npm install https://dl.freshdev.io/cli/fdk-7.0.0.tgz -g","message":"Your FDK version has been forced updated to v7.0.0, please visit https://community.developers.freshworks.com/t/fdk-v7-0-announcing-node-js-v12-and-es6-support/3606 to know more"},"latest":{"version":"9.1.0","command":"npm install https://cdn.freshdev.io/fdk/v9.1.0-internal.tgz -g","message":"You are on the latest FDK version. For information on the features available as part of this FDK version, see https://developers.freshworks.com/docs/?tab=modules."}},"addon":{"version":"2.0.0","url":"https://cdn.freshdev.io/assets/fdk/addons/addon-2.0.0.zip"}},"last_updated":{"time_stamp":1698819875116}}[0m
2023-11-02 12:07:45.498 +0530 [debug] ([34mupdater.js[0m) [31mlast check more than 24 hours ago, looking for updates again[0m
2023-11-02 12:07:45.690 +0530 [debug] ([34mupdater.js[0m) [31mdownloaded update manifest as {"cli":{"deprecated":{"version":"<9","message":"This FDK version will be deprecated by September 30, 2023 There will be no further feature updates to this version. For a seamless app building experience, ensure to move to the latest FDK version. For more information, see https://developers.freshdesk.com/v2/docs/migration-overview/#latest_platform_version_migration."},"forced":{"version":"7.0.0","command":"npm install https://dl.freshdev.io/cli/fdk-7.0.0.tgz -g","message":"Your FDK version has been forced updated to v7.0.0, please visit https://community.developers.freshworks.com/t/fdk-v7-0-announcing-node-js-v12-and-es6-support/3606 to know more"},"latest":{"version":"9.1.0","command":"npm install https://cdn.freshdev.io/fdk/v9.1.0-internal.tgz -g","message":"You are on the latest FDK version. For information on the features available as part of this FDK version, see https://developers.freshworks.com/docs/?tab=modules."}},"addon":{"version":"2.0.0","url":"https://cdn.freshdev.io/assets/fdk/addons/addon-2.0.0.zip"}}[0m
2023-11-02 12:07:45.690 +0530 [debug] ([34mdata.js[0m) [31mRead {"version_details":{"cli":{"deprecated":{"version":"<9","message":"This FDK version will be deprecated by September 30, 2023 There will be no further feature updates to this version. For a seamless app building experience, ensure to move to the latest FDK version. For more information, see https://developers.freshdesk.com/v2/docs/migration-overview/#latest_platform_version_migration."},"forced":{"version":"7.0.0","command":"npm install https://dl.freshdev.io/cli/fdk-7.0.0.tgz -g","message":"Your FDK version has been forced updated to v7.0.0, please visit https://community.developers.freshworks.com/t/fdk-v7-0-announcing-node-js-v12-and-es6-support/3606 to know more"},"latest":{"version":"9.1.0","command":"npm install https://cdn.freshdev.io/fdk/v9.1.0-internal.tgz -g","message":"You are on the latest FDK version. For information on the features available as part of this FDK version, see https://developers.freshworks.com/docs/?tab=modules."}},"addon":{"version":"2.0.0","url":"https://cdn.freshdev.io/assets/fdk/addons/addon-2.0.0.zip"}},"last_updated":{"time_stamp":1698819875116}}[0m
2023-11-02 12:07:45.691 +0530 [debug] ([34mdata.js[0m) [31mRead {"version_details":{"cli":{"deprecated":{"version":"<9","message":"This FDK version will be deprecated by September 30, 2023 There will be no further feature updates to this version. For a seamless app building experience, ensure to move to the latest FDK version. For more information, see https://developers.freshdesk.com/v2/docs/migration-overview/#latest_platform_version_migration."},"forced":{"version":"7.0.0","command":"npm install https://dl.freshdev.io/cli/fdk-7.0.0.tgz -g","message":"Your FDK version has been forced updated to v7.0.0, please visit https://community.developers.freshworks.com/t/fdk-v7-0-announcing-node-js-v12-and-es6-support/3606 to know more"},"latest":{"version":"9.1.0","command":"npm install https://cdn.freshdev.io/fdk/v9.1.0-internal.tgz -g","message":"You are on the latest FDK version. For information on the features available as part of this FDK version, see https://developers.freshworks.com/docs/?tab=modules."}},"addon":{"version":"2.0.0","url":"https://cdn.freshdev.io/assets/fdk/addons/addon-2.0.0.zip"}},"last_updated":{"time_stamp":1698819875116}}[0m
2023-11-02 12:07:45.693 +0530 [debug] ([34mdata.js[0m) [31mRead {"version_details":{"cli":{"deprecated":{"version":"<9","message":"This FDK version will be deprecated by September 30, 2023 There will be no further feature updates to this version. For a seamless app building experience, ensure to move to the latest FDK version. For more information, see https://developers.freshdesk.com/v2/docs/migration-overview/#latest_platform_version_migration."},"forced":{"version":"7.0.0","command":"npm install https://dl.freshdev.io/cli/fdk-7.0.0.tgz -g","message":"Your FDK version has been forced updated to v7.0.0, please visit https://community.developers.freshworks.com/t/fdk-v7-0-announcing-node-js-v12-and-es6-support/3606 to know more"},"latest":{"version":"9.1.0","command":"npm install https://cdn.freshdev.io/fdk/v9.1.0-internal.tgz -g","message":"You are on the latest FDK version. For information on the features available as part of this FDK version, see https://developers.freshworks.com/docs/?tab=modules."}},"addon":{"version":"2.0.0","url":"https://cdn.freshdev.io/assets/fdk/addons/addon-2.0.0.zip"}},"last_updated":{"time_stamp":1698819875116}}[0m
2023-11-02 12:07:45.699 +0530 [debug] ([34mindex.js[0m) [31mrunning with opts {}[0m
2023-11-02 12:07:45.710 +0530 [debug] ([34mdata.js[0m) [31mRead {"version_details":{"cli":{"deprecated":{"version":"<9","message":"This FDK version will be deprecated by September 30, 2023 There will be no further feature updates to this version. For a seamless app building experience, ensure to move to the latest FDK version. For more information, see https://developers.freshdesk.com/v2/docs/migration-overview/#latest_platform_version_migration."},"forced":{"version":"7.0.0","command":"npm install https://dl.freshdev.io/cli/fdk-7.0.0.tgz -g","message":"Your FDK version has been forced updated to v7.0.0, please visit https://community.developers.freshworks.com/t/fdk-v7-0-announcing-node-js-v12-and-es6-support/3606 to know more"},"latest":{"version":"9.1.0","command":"npm install https://cdn.freshdev.io/fdk/v9.1.0-internal.tgz -g","message":"You are on the latest FDK version. For information on the features available as part of this FDK version, see https://developers.freshworks.com/docs/?tab=modules."}},"addon":{"version":"2.0.0","url":"https://cdn.freshdev.io/assets/fdk/addons/addon-2.0.0.zip"}},"last_updated":{"time_stamp":1698907065692}}[0m
2023-11-02 12:07:45.721 +0530 [debug] ([34mcreate.js[0m) [31m'init' called with /Users/saifas/MyLab/freshworks-apps/global-app-features/product-events, undefined, undefined[0m
2023-11-02 12:07:47.669 +0530 [debug] ([34mcreate.js[0m) [31mInitializing template "serverless-starter-template" for "modules".[0m
2023-11-02 12:07:47.728 +0530 [info] A new Global app was successfully created from template "serverless-starter-template" with the following files.

2023-11-02 12:32:38.813 +0530 [debug] ([34mconfigs.js[0m) [31mloaded default configs as "{"updates":{"manifest_url":"https://cdn.freshdev.io/assets/fdk/pv3_updates.json","period":24},"log":{"level":"info"},"javascript":{"ecma_version":2020},"request":{"timeout":5000},"global_apps":{"enabled":false},"easel":{"enabled":false}}"[0m
2023-11-02 12:32:38.817 +0530 [debug] ([34mconfigs.js[0m) [31mloaded global configs as "{"global_apps":{"enabled":"true"}}"[0m
2023-11-02 12:32:38.817 +0530 [debug] ([34mfile.js[0m) [31mError while requiring /Users/saifas/MyLab/freshworks-apps/global-app-features/serverless-events/.fdk/configs.json: Cannot find module '/Users/saifas/MyLab/freshworks-apps/global-app-features/serverless-events/.fdk/configs.json'
Require stack:
- /usr/local/lib/node_modules/fdk/lib/utils/file.js
- /usr/local/lib/node_modules/fdk/lib/configs.js
- /usr/local/lib/node_modules/fdk/lib/logger.js
- /usr/local/lib/node_modules/fdk/index.js[0m
2023-11-02 12:32:38.817 +0530 [debug] ([34mconfigs.js[0m) [31mloaded local configs as "{}"[0m
2023-11-02 12:32:38.818 +0530 [debug] ([34mconfigs.js[0m) [31mloaded env configs as "{"updates":{},"log":{},"javascript":{},"request":{"timeout":5000}}"[0m
2023-11-02 12:32:38.818 +0530 [debug] ([34mconfigs.js[0m) [31mloaded resolved configs as "{"updates":{"manifest_url":"https://cdn.freshdev.io/assets/fdk/pv3_updates.json","period":24},"log":{"level":"info"},"javascript":{"ecma_version":2020},"request":{"timeout":5000},"global_apps":{"enabled":"true"},"easel":{"enabled":false}}"[0m
2023-11-02 12:32:38.818 +0530 [debug] ([34mlogger.js[0m) [31mStarting FDK in node v18.16.1 on darwin[0m
2023-11-02 12:32:38.818 +0530 [debug] ([34msequelize.js[0m) [31msetting up sqilite at "/Users/saifas/MyLab/freshworks-apps/global-app-features/serverless-events/.fdk/store.sqlite"[0m
2023-11-02 12:32:38.818 +0530 [debug] ([34mdata.js[0m) [31mRead {"version_details":{"cli":{"deprecated":{"version":"<9","message":"This FDK version will be deprecated by September 30, 2023 There will be no further feature updates to this version. For a seamless app building experience, ensure to move to the latest FDK version. For more information, see https://developers.freshdesk.com/v2/docs/migration-overview/#latest_platform_version_migration."},"forced":{"version":"7.0.0","command":"npm install https://dl.freshdev.io/cli/fdk-7.0.0.tgz -g","message":"Your FDK version has been forced updated to v7.0.0, please visit https://community.developers.freshworks.com/t/fdk-v7-0-announcing-node-js-v12-and-es6-support/3606 to know more"},"latest":{"version":"9.1.0","command":"npm install https://cdn.freshdev.io/fdk/v9.1.0-internal.tgz -g","message":"You are on the latest FDK version. For information on the features available as part of this FDK version, see https://developers.freshworks.com/docs/?tab=modules."}},"addon":{"version":"2.0.0","url":"https://cdn.freshdev.io/assets/fdk/addons/addon-2.0.0.zip"}},"last_updated":{"time_stamp":1698907065692}}[0m
2023-11-02 12:32:38.818 +0530 [debug] ([34mupdater.js[0m) [31mlast check less than 24 hours ago, not looking for updates[0m
2023-11-02 12:32:38.822 +0530 [debug] ([34mindex.js[0m) [31mrunning with opts {}[0m
2023-11-02 12:32:39.065 +0530 [debug] ([34mdata.js[0m) [31mRead {"version_details":{"cli":{"deprecated":{"version":"<9","message":"This FDK version will be deprecated by September 30, 2023 There will be no further feature updates to this version. For a seamless app building experience, ensure to move to the latest FDK version. For more information, see https://developers.freshdesk.com/v2/docs/migration-overview/#latest_platform_version_migration."},"forced":{"version":"7.0.0","command":"npm install https://dl.freshdev.io/cli/fdk-7.0.0.tgz -g","message":"Your FDK version has been forced updated to v7.0.0, please visit https://community.developers.freshworks.com/t/fdk-v7-0-announcing-node-js-v12-and-es6-support/3606 to know more"},"latest":{"version":"9.1.0","command":"npm install https://cdn.freshdev.io/fdk/v9.1.0-internal.tgz -g","message":"You are on the latest FDK version. For information on the features available as part of this FDK version, see https://developers.freshworks.com/docs/?tab=modules."}},"addon":{"version":"2.0.0","url":"https://cdn.freshdev.io/assets/fdk/addons/addon-2.0.0.zip"}},"last_updated":{"time_stamp":1698907065692}}[0m
2023-11-02 12:32:39.068 +0530 [debug] ([34mmanifest.js[0m) [31mReloading manifest with {"platform-version":"3.0","modules":{"common":{"events":{"onAppInstall":{"handler":"onAppInstallHandler"},"onAppUninstall":{"handler":"onAppUninstallHandler"}}},"support_ticket":{"events":{"onTicketCreate":{"handler":"onTicketCreateHandler"},"onTicketUpdate":{"handler":"onTicketUpdateHandlerFreshdesk"}}},"service_ticket":{"events":{"onTicketUpdate":{"handler":"onTicketUpdateHandler"},"onTicketCreate":{"handler":"onTicketCreateHandler"}}},"deal":{"events":{"onDealCreate":{"handler":"onDealCreateHandler"}}}},"engines":{"node":"18.16.1","fdk":"9.1.0"}}.[0m
2023-11-02 12:32:39.069 +0530 [debug] ([34mmanifest.js[0m) [31mInferred db,backend as features.[0m
2023-11-02 12:32:39.085 +0530 [debug] ([34mdata.js[0m) [31mRead {"version_details":{"cli":{"deprecated":{"version":"<9","message":"This FDK version will be deprecated by September 30, 2023 There will be no further feature updates to this version. For a seamless app building experience, ensure to move to the latest FDK version. For more information, see https://developers.freshdesk.com/v2/docs/migration-overview/#latest_platform_version_migration."},"forced":{"version":"7.0.0","command":"npm install https://dl.freshdev.io/cli/fdk-7.0.0.tgz -g","message":"Your FDK version has been forced updated to v7.0.0, please visit https://community.developers.freshworks.com/t/fdk-v7-0-announcing-node-js-v12-and-es6-support/3606 to know more"},"latest":{"version":"9.1.0","command":"npm install https://cdn.freshdev.io/fdk/v9.1.0-internal.tgz -g","message":"You are on the latest FDK version. For information on the features available as part of this FDK version, see https://developers.freshworks.com/docs/?tab=modules."}},"addon":{"version":"2.0.0","url":"https://cdn.freshdev.io/assets/fdk/addons/addon-2.0.0.zip"}},"last_updated":{"time_stamp":1698907065692}}[0m
2023-11-02 12:32:39.372 +0530 [debug] ([34mfile.js[0m) [31mError while requiring /Users/saifas/MyLab/freshworks-apps/global-app-features/serverless-events/.report.json: Cannot find module '/Users/saifas/MyLab/freshworks-apps/global-app-features/serverless-events/.report.json'
Require stack:
- /usr/local/lib/node_modules/fdk/lib/utils/file.js
- /usr/local/lib/node_modules/fdk/lib/configs.js
- /usr/local/lib/node_modules/fdk/lib/logger.js
- /usr/local/lib/node_modules/fdk/index.js[0m
2023-11-02 12:32:40.436 +0530 [debug] ([34mdata.js[0m) [31mRead {"version_details":{"cli":{"deprecated":{"version":"<9","message":"This FDK version will be deprecated by September 30, 2023 There will be no further feature updates to this version. For a seamless app building experience, ensure to move to the latest FDK version. For more information, see https://developers.freshdesk.com/v2/docs/migration-overview/#latest_platform_version_migration."},"forced":{"version":"7.0.0","command":"npm install https://dl.freshdev.io/cli/fdk-7.0.0.tgz -g","message":"Your FDK version has been forced updated to v7.0.0, please visit https://community.developers.freshworks.com/t/fdk-v7-0-announcing-node-js-v12-and-es6-support/3606 to know more"},"latest":{"version":"9.1.0","command":"npm install https://cdn.freshdev.io/fdk/v9.1.0-internal.tgz -g","message":"You are on the latest FDK version. For information on the features available as part of this FDK version, see https://developers.freshworks.com/docs/?tab=modules."}},"addon":{"version":"2.0.0","url":"https://cdn.freshdev.io/assets/fdk/addons/addon-2.0.0.zip"}},"last_updated":{"time_stamp":1698907065692}}[0m
2023-11-02 12:32:41.269 +0530 [debug] ([34mvalidate.js[0m) [31masked to skip the following validations, [0m
2023-11-02 12:32:41.270 +0530 [debug] ([34mvalidate.js[0m) [31mrunning validator actions[0m
2023-11-02 12:32:41.270 +0530 [debug] ([34mvalidate.js[0m) [31mrunning validator requests[0m
2023-11-02 12:32:41.270 +0530 [debug] ([34mvalidate.js[0m) [31mrunning validator app-dir[0m
2023-11-02 12:32:41.271 +0530 [debug] ([34mvalidate.js[0m) [31mrunning validator config-dir[0m
2023-11-02 12:32:41.271 +0530 [debug] ([34mconfig-dir.js[0m) [31mChecking to see if /Users/saifas/MyLab/freshworks-apps/global-app-features/serverless-events/config/ exists.[0m
2023-11-02 12:32:41.271 +0530 [debug] ([34mconfig-dir.js[0m) [31mFetched the following config files iparams.json[0m
2023-11-02 12:32:41.271 +0530 [debug] ([34mvalidate.js[0m) [31mrunning validator custom-objects[0m
2023-11-02 12:32:41.271 +0530 [debug] ([34mvalidate.js[0m) [31mrunning validator event[0m
2023-11-02 12:32:41.279 +0530 [debug] ([34mevent.js[0m) [31mFound ["onTicketCreateHandler","onAppInstallHandler","onAppUninstallHandler","onDealCreateHandler","onTicketUpdateHandler","onTicketUpdateHandlerFreshdesk"] as exported functions.[0m
2023-11-02 12:32:41.280 +0530 [debug] ([34mvalidate.js[0m) [31mrunning validator iparam[0m
2023-11-02 12:32:41.284 +0530 [debug] ([34mvalidate.js[0m) [31mrunning validator lint[0m
2023-11-02 12:32:41.284 +0530 [debug] ([34mlint.js[0m) [31mpassed fix flag: undefined[0m
2023-11-02 12:32:41.286 +0530 [debug] ([34mlint.js[0m) [31mRunning the following lints on the file server/lib/handle-response.js : no-caller,no-process-env,complexity,max-nested-callbacks,handle-callback-err,no-eval,no-alert,no-debugger,no-unreachable,no-unhandled-promise,no-logging-rejections,no-non-client-request-model,no-deprecated-apis,no-proxy-requests,no-dependency-mismatch,no-empty-function,no-unused-vars[0m
2023-11-02 12:32:41.320 +0530 [debug] ([34mlint.js[0m) [31mRunning the following lints on the file server/server.js : no-caller,no-process-env,complexity,max-nested-callbacks,handle-callback-err,no-eval,no-alert,no-debugger,no-unreachable,no-unhandled-promise,no-logging-rejections,no-non-client-request-model,no-deprecated-apis,no-proxy-requests,no-dependency-mismatch,no-empty-function,no-unused-vars[0m
2023-11-02 12:32:41.327 +0530 [debug] ([34mvalidate.js[0m) [31mrunning validator manifest[0m
2023-11-02 12:32:41.327 +0530 [debug] ([34mvalidate.js[0m) [31mskipping validator manifest-dependency[0m
2023-11-02 12:32:41.327 +0530 [debug] ([34mvalidate.js[0m) [31mrunning validator oauth[0m
2023-11-02 12:32:41.327 +0530 [debug] ([34mvalidate.js[0m) [31mskipping validator pkgsize[0m
2023-11-02 12:32:41.327 +0530 [debug] ([34mvalidate.js[0m) [31mrunning validator schema[0m
2023-11-02 12:32:41.327 +0530 [debug] ([34mvalidate.js[0m) [31mrunning validator version-check[0m
2023-11-02 12:32:41.330 +0530 [debug] ([34mwatcher.js[0m) [31mPreparing to watch the following files ./config,./manifest.json[0m
2023-11-02 12:32:41.333 +0530 [debug] ([34minstall.js[0m) [31mdependency installer called with {}[0m
2023-11-02 12:32:41.334 +0530 [debug] ([34mdata.js[0m) [31mRead {}[0m
2023-11-02 12:32:41.334 +0530 [debug] ([34mcustom-objects.js[0m) [31mto force or not? undefined[0m
2023-11-02 12:32:41.334 +0530 [debug] ([34mcustom-objects.js[0m) [31mbeginning to re-sync db[0m
2023-11-02 12:32:41.454 +0530 [debug] ([34mindex.js[0m) [31mloading model at "/usr/local/lib/node_modules/fdk/lib/models/bigint-pivot.js"[0m
2023-11-02 12:32:41.456 +0530 [debug] ([34mindex.js[0m) [31mloading model at "/usr/local/lib/node_modules/fdk/lib/models/entity-field-choice.js"[0m
2023-11-02 12:32:41.456 +0530 [debug] ([34mindex.js[0m) [31mloading model at "/usr/local/lib/node_modules/fdk/lib/models/entity-field.js"[0m
2023-11-02 12:32:41.457 +0530 [debug] ([34mindex.js[0m) [31mloading model at "/usr/local/lib/node_modules/fdk/lib/models/entity.js"[0m
2023-11-02 12:32:41.458 +0530 [debug] ([34mindex.js[0m) [31mloading model at "/usr/local/lib/node_modules/fdk/lib/models/record.js"[0m
2023-11-02 12:32:41.460 +0530 [debug] ([34mindex.js[0m) [31mloading model at "/usr/local/lib/node_modules/fdk/lib/models/string-pivot.js"[0m
2023-11-02 12:32:41.474 +0530 [debug] ([34mdata.js[0m) [31mRead {}[0m
2023-11-02 12:32:41.475 +0530 [debug] ([34mcustom-objects.js[0m) [31mupdated local store with latest entity hash[0m
2023-11-02 12:32:41.475 +0530 [info] Starting local testing server at http://*:10001/    
Append 'dev=true' to your current host URL to start testing    
     
e.g:     
2023-11-02 12:32:41.475 +0530 [info]   https://domain.freshdesk.com/a/tickets/1?dev=true
2023-11-02 12:32:41.475 +0530 [info]   https://domain.freshservice.com/helpdesk/tickets/1?dev=true
2023-11-02 12:32:41.476 +0530 [info]   https://domain.freshsales.io/contacts/2007663673?dev=true
2023-11-02 12:32:41.476 +0530 [info]   https://domain.myfreshworks.com/crm/sales/contacts/2007663673?dev=true
2023-11-02 12:32:41.476 +0530 [info] 
Quit the server with Control-C.
2023-11-02 12:32:41.476 +0530 [info] 
To test the installation page, visit - http://localhost:10001/custom_configs
2023-11-02 12:32:41.476 +0530 [info] 
To simulate product, app setup, and external events, visit - http://localhost:10001/web/test
2023-11-02 12:32:41.476 +0530 [info] Populating test data with events found in the app
2023-11-02 12:32:46.614 +0530 [debug] ([34miframe.js[0m) [31mChecking is authorized for all oauths [0m
2023-11-02 12:32:46.615 +0530 [debug] ([34mdata.js[0m) [31mRead {}[0m
2023-11-02 12:32:46.616 +0530 [debug] ([34mdata.js[0m) [31mRead {}[0m
2023-11-02 12:32:46.616 +0530 [debug] ([34mdata.js[0m) [31mRead {}[0m
2023-11-02 12:32:46.616 +0530 [debug] ([34miframe.js[0m) [31mResponding to product with {"configs":{},"displayName":"serverless-events","product":{"freshdesk":{"events":{"onTicketCreate":{"handler":"onTicketCreateHandler"},"onTicketUpdate":{"handler":"onTicketUpdateHandlerFreshdesk"},"onAppInstall":{"handler":"onAppInstallHandler"},"onAppUninstall":{"handler":"onAppUninstallHandler"}}},"freshservice":{"events":{"onTicketUpdate":{"handler":"onTicketUpdateHandler"},"onTicketCreate":{"handler":"onTicketCreateHandler"},"onAppInstall":{"handler":"onAppInstallHandler"},"onAppUninstall":{"handler":"onAppUninstallHandler"}}},"freshsales":{"events":{"onDealCreate":{"handler":"onDealCreateHandler"},"onAppInstall":{"handler":"onAppInstallHandler"},"onAppUninstall":{"handler":"onAppUninstallHandler"}}},"freshworks_crm":{"events":{"onDealCreate":{"handler":"onDealCreateHandler"},"onAppInstall":{"handler":"onAppInstallHandler"},"onAppUninstall":{"handler":"onAppUninstallHandler"}}}},"modules":{"common":{"events":{"onAppInstall":{"handler":"onAppInstallHandler"},"onAppUninstall":{"handler":"onAppUninstallHandler"}}},"support_ticket":{"events":{"onTicketCreate":{"handler":"onTicketCreateHandler"},"onTicketUpdate":{"handler":"onTicketUpdateHandlerFreshdesk"}}},"service_ticket":{"events":{"onTicketUpdate":{"handler":"onTicketUpdateHandler"},"onTicketCreate":{"handler":"onTicketCreateHandler"}}},"deal":{"events":{"onDealCreate":{"handler":"onDealCreateHandler"}}}},"features":["db","backend"],"actions":false,"omni":false,"products":["freshdesk","freshservice","freshsales","freshworks_crm"],"platform":"3.0","isInstall":true,"oauth_configs_list":[],"subscribed_modules":null,"endpoint_urls":null,"isAuthorized":"NA","v2":[]}[0m
2023-11-02 12:32:46.619 +0530 [debug] ([34mdata.js[0m) [31mRead {}[0m
2023-11-02 12:32:46.653 +0530 [debug] ([34miframe.js[0m) [31mChecking is authorized for all oauths [0m
2023-11-02 12:32:46.654 +0530 [debug] ([34mdata.js[0m) [31mRead {}[0m
2023-11-02 12:32:46.654 +0530 [debug] ([34mdata.js[0m) [31mRead {}[0m
2023-11-02 12:32:46.654 +0530 [debug] ([34mdata.js[0m) [31mRead {}[0m
2023-11-02 12:32:46.654 +0530 [debug] ([34miframe.js[0m) [31mResponding to product with {"configs":{},"displayName":"serverless-events","product":{"freshdesk":{"events":{"onTicketCreate":{"handler":"onTicketCreateHandler"},"onTicketUpdate":{"handler":"onTicketUpdateHandlerFreshdesk"},"onAppInstall":{"handler":"onAppInstallHandler"},"onAppUninstall":{"handler":"onAppUninstallHandler"}}},"freshservice":{"events":{"onTicketUpdate":{"handler":"onTicketUpdateHandler"},"onTicketCreate":{"handler":"onTicketCreateHandler"},"onAppInstall":{"handler":"onAppInstallHandler"},"onAppUninstall":{"handler":"onAppUninstallHandler"}}},"freshsales":{"events":{"onDealCreate":{"handler":"onDealCreateHandler"},"onAppInstall":{"handler":"onAppInstallHandler"},"onAppUninstall":{"handler":"onAppUninstallHandler"}}},"freshworks_crm":{"events":{"onDealCreate":{"handler":"onDealCreateHandler"},"onAppInstall":{"handler":"onAppInstallHandler"},"onAppUninstall":{"handler":"onAppUninstallHandler"}}}},"modules":{"common":{"events":{"onAppInstall":{"handler":"onAppInstallHandler"},"onAppUninstall":{"handler":"onAppUninstallHandler"}}},"support_ticket":{"events":{"onTicketCreate":{"handler":"onTicketCreateHandler"},"onTicketUpdate":{"handler":"onTicketUpdateHandlerFreshdesk"}}},"service_ticket":{"events":{"onTicketUpdate":{"handler":"onTicketUpdateHandler"},"onTicketCreate":{"handler":"onTicketCreateHandler"}}},"deal":{"events":{"onDealCreate":{"handler":"onDealCreateHandler"}}}},"features":["db","backend"],"actions":false,"omni":false,"products":["freshdesk","freshservice","freshsales","freshworks_crm"],"platform":"3.0","isInstall":true,"oauth_configs_list":[],"subscribed_modules":null,"endpoint_urls":null,"isAuthorized":"NA","v2":[]}[0m
2023-11-02 12:32:48.866 +0530 [debug] ([34miframe.js[0m) [31mChecking is authorized for all oauths [0m
2023-11-02 12:32:48.867 +0530 [debug] ([34mdata.js[0m) [31mRead {}[0m
2023-11-02 12:32:48.867 +0530 [debug] ([34mdata.js[0m) [31mRead {}[0m
2023-11-02 12:32:48.867 +0530 [debug] ([34mdata.js[0m) [31mRead {}[0m
2023-11-02 12:32:48.867 +0530 [debug] ([34miframe.js[0m) [31mResponding to product with {"configs":{},"displayName":"serverless-events","product":{"freshdesk":{"events":{"onTicketCreate":{"handler":"onTicketCreateHandler"},"onTicketUpdate":{"handler":"onTicketUpdateHandlerFreshdesk"},"onAppInstall":{"handler":"onAppInstallHandler"},"onAppUninstall":{"handler":"onAppUninstallHandler"}}},"freshservice":{"events":{"onTicketUpdate":{"handler":"onTicketUpdateHandler"},"onTicketCreate":{"handler":"onTicketCreateHandler"},"onAppInstall":{"handler":"onAppInstallHandler"},"onAppUninstall":{"handler":"onAppUninstallHandler"}}},"freshsales":{"events":{"onDealCreate":{"handler":"onDealCreateHandler"},"onAppInstall":{"handler":"onAppInstallHandler"},"onAppUninstall":{"handler":"onAppUninstallHandler"}}},"freshworks_crm":{"events":{"onDealCreate":{"handler":"onDealCreateHandler"},"onAppInstall":{"handler":"onAppInstallHandler"},"onAppUninstall":{"handler":"onAppUninstallHandler"}}}},"modules":{"common":{"events":{"onAppInstall":{"handler":"onAppInstallHandler"},"onAppUninstall":{"handler":"onAppUninstallHandler"}}},"support_ticket":{"events":{"onTicketCreate":{"handler":"onTicketCreateHandler"},"onTicketUpdate":{"handler":"onTicketUpdateHandlerFreshdesk"}}},"service_ticket":{"events":{"onTicketUpdate":{"handler":"onTicketUpdateHandler"},"onTicketCreate":{"handler":"onTicketCreateHandler"}}},"deal":{"events":{"onDealCreate":{"handler":"onDealCreateHandler"}}}},"features":["db","backend"],"actions":false,"omni":false,"products":["freshdesk","freshservice","freshsales","freshworks_crm"],"platform":"3.0","isInstall":true,"oauth_configs_list":[],"subscribed_modules":null,"endpoint_urls":null,"isAuthorized":"NA","v2":[]}[0m
2023-11-02 12:32:48.869 +0530 [debug] ([34mdata.js[0m) [31mRead {}[0m
2023-11-02 12:33:01.732 +0530 [debug] ([34mdata.js[0m) [31mRead {}[0m
2023-11-02 12:33:04.152 +0530 [debug] ([34miframe.js[0m) [31mChecking is authorized for all oauths [0m
2023-11-02 12:33:04.153 +0530 [debug] ([34mdata.js[0m) [31mRead {"server_101_101_modules":{"server_101_101_system_settings":{"currentHost":{"endpoint_urls":{"freshdesk":"https://name.example.com","freshsales":"https://name.example.com","freshservice":"https://name.example.com","freshworks_crm":"https://name.example.com"},"subscribed_modules":["support_ticket","service_ticket","deal"]}}}}[0m
2023-11-02 12:33:04.153 +0530 [debug] ([34mdata.js[0m) [31mRead {"server_101_101_modules":{"server_101_101_system_settings":{"currentHost":{"endpoint_urls":{"freshdesk":"https://name.example.com","freshsales":"https://name.example.com","freshservice":"https://name.example.com","freshworks_crm":"https://name.example.com"},"subscribed_modules":["support_ticket","service_ticket","deal"]}}}}[0m
2023-11-02 12:33:04.154 +0530 [debug] ([34mdata.js[0m) [31mRead {"server_101_101_modules":{"server_101_101_system_settings":{"currentHost":{"endpoint_urls":{"freshdesk":"https://name.example.com","freshsales":"https://name.example.com","freshservice":"https://name.example.com","freshworks_crm":"https://name.example.com"},"subscribed_modules":["support_ticket","service_ticket","deal"]}}}}[0m
2023-11-02 12:33:04.154 +0530 [debug] ([34miframe.js[0m) [31mResponding to product with {"configs":{},"displayName":"serverless-events","product":{"freshdesk":{"events":{"onTicketCreate":{"handler":"onTicketCreateHandler"},"onTicketUpdate":{"handler":"onTicketUpdateHandlerFreshdesk"},"onAppInstall":{"handler":"onAppInstallHandler"},"onAppUninstall":{"handler":"onAppUninstallHandler"}}},"freshservice":{"events":{"onTicketUpdate":{"handler":"onTicketUpdateHandler"},"onTicketCreate":{"handler":"onTicketCreateHandler"},"onAppInstall":{"handler":"onAppInstallHandler"},"onAppUninstall":{"handler":"onAppUninstallHandler"}}},"freshsales":{"events":{"onDealCreate":{"handler":"onDealCreateHandler"},"onAppInstall":{"handler":"onAppInstallHandler"},"onAppUninstall":{"handler":"onAppUninstallHandler"}}},"freshworks_crm":{"events":{"onDealCreate":{"handler":"onDealCreateHandler"},"onAppInstall":{"handler":"onAppInstallHandler"},"onAppUninstall":{"handler":"onAppUninstallHandler"}}}},"modules":{"common":{"events":{"onAppInstall":{"handler":"onAppInstallHandler"},"onAppUninstall":{"handler":"onAppUninstallHandler"}}},"support_ticket":{"events":{"onTicketCreate":{"handler":"onTicketCreateHandler"},"onTicketUpdate":{"handler":"onTicketUpdateHandlerFreshdesk"}}},"service_ticket":{"events":{"onTicketUpdate":{"handler":"onTicketUpdateHandler"},"onTicketCreate":{"handler":"onTicketCreateHandler"}}},"deal":{"events":{"onDealCreate":{"handler":"onDealCreateHandler"}}}},"features":["db","backend"],"actions":false,"omni":false,"products":["freshdesk","freshservice","freshsales","freshworks_crm"],"platform":"3.0","isInstall":true,"oauth_configs_list":[],"subscribed_modules":["support_ticket","service_ticket","deal"],"endpoint_urls":{"freshdesk":"https://name.example.com","freshsales":"https://name.example.com","freshservice":"https://name.example.com","freshworks_crm":"https://name.example.com"},"isAuthorized":"NA","v2":[]}[0m
2023-11-02 12:33:04.156 +0530 [debug] ([34mdata.js[0m) [31mRead {"server_101_101_modules":{"server_101_101_system_settings":{"currentHost":{"endpoint_urls":{"freshdesk":"https://name.example.com","freshsales":"https://name.example.com","freshservice":"https://name.example.com","freshworks_crm":"https://name.example.com"},"subscribed_modules":["support_ticket","service_ticket","deal"]}}}}[0m
2023-11-02 12:33:04.251 +0530 [debug] ([34mdata.js[0m) [31mRead {"server_101_101_modules":{"server_101_101_system_settings":{"currentHost":{"endpoint_urls":{"freshdesk":"https://name.example.com","freshsales":"https://name.example.com","freshservice":"https://name.example.com","freshworks_crm":"https://name.example.com"},"subscribed_modules":["support_ticket","service_ticket","deal"]}}}}[0m
2023-11-02 12:33:15.775 +0530 [debug] ([34mdata.js[0m) [31mRead {"server_101_101_modules":{"server_101_101_system_settings":{"currentHost":{"endpoint_urls":{"freshdesk":"https://name.example.com","freshsales":"https://name.example.com","freshservice":"https://name.example.com","freshworks_crm":"https://name.example.com"},"subscribed_modules":["support_ticket","service_ticket","deal"]}}}}[0m
2023-11-02 12:33:25.762 +0530 [debug] ([34miframe.js[0m) [31mChecking is authorized for all oauths [0m
2023-11-02 12:33:25.763 +0530 [debug] ([34mdata.js[0m) [31mRead {"server_101_101_modules":{"server_101_101_system_settings":{"currentHost":{"endpoint_urls":{"freshdesk":"https://name.example.com","freshsales":"https://name.example.com","freshservice":"https://name.example.com","freshworks_crm":"https://name.example.com"},"subscribed_modules":["support_ticket","service_ticket","deal"]}},"server_101_101_custom_iparams":{"__meta":{"modules":{"support_ticket":["groups"],"deal":["groups"],"service_ticket":["email"]}},"groups":["opt1","opt2"],"email":"oleti@teradata.com","dark_mode":true}}}[0m
2023-11-02 12:33:25.764 +0530 [debug] ([34mdata.js[0m) [31mRead {"server_101_101_modules":{"server_101_101_system_settings":{"currentHost":{"endpoint_urls":{"freshdesk":"https://name.example.com","freshsales":"https://name.example.com","freshservice":"https://name.example.com","freshworks_crm":"https://name.example.com"},"subscribed_modules":["support_ticket","service_ticket","deal"]}},"server_101_101_custom_iparams":{"__meta":{"modules":{"support_ticket":["groups"],"deal":["groups"],"service_ticket":["email"]}},"groups":["opt1","opt2"],"email":"oleti@teradata.com","dark_mode":true}}}[0m
2023-11-02 12:33:25.764 +0530 [debug] ([34mdata.js[0m) [31mRead {"server_101_101_modules":{"server_101_101_system_settings":{"currentHost":{"endpoint_urls":{"freshdesk":"https://name.example.com","freshsales":"https://name.example.com","freshservice":"https://name.example.com","freshworks_crm":"https://name.example.com"},"subscribed_modules":["support_ticket","service_ticket","deal"]}},"server_101_101_custom_iparams":{"__meta":{"modules":{"support_ticket":["groups"],"deal":["groups"],"service_ticket":["email"]}},"groups":["opt1","opt2"],"email":"oleti@teradata.com","dark_mode":true}}}[0m
2023-11-02 12:33:25.764 +0530 [debug] ([34miframe.js[0m) [31mResponding to product with {"configs":{"groups":["opt1","opt2"],"email":"oleti@teradata.com","dark_mode":true},"displayName":"serverless-events","product":{"freshdesk":{"events":{"onTicketCreate":{"handler":"onTicketCreateHandler"},"onTicketUpdate":{"handler":"onTicketUpdateHandlerFreshdesk"},"onAppInstall":{"handler":"onAppInstallHandler"},"onAppUninstall":{"handler":"onAppUninstallHandler"}}},"freshservice":{"events":{"onTicketUpdate":{"handler":"onTicketUpdateHandler"},"onTicketCreate":{"handler":"onTicketCreateHandler"},"onAppInstall":{"handler":"onAppInstallHandler"},"onAppUninstall":{"handler":"onAppUninstallHandler"}}},"freshsales":{"events":{"onDealCreate":{"handler":"onDealCreateHandler"},"onAppInstall":{"handler":"onAppInstallHandler"},"onAppUninstall":{"handler":"onAppUninstallHandler"}}},"freshworks_crm":{"events":{"onDealCreate":{"handler":"onDealCreateHandler"},"onAppInstall":{"handler":"onAppInstallHandler"},"onAppUninstall":{"handler":"onAppUninstallHandler"}}}},"modules":{"common":{"events":{"onAppInstall":{"handler":"onAppInstallHandler"},"onAppUninstall":{"handler":"onAppUninstallHandler"}}},"support_ticket":{"events":{"onTicketCreate":{"handler":"onTicketCreateHandler"},"onTicketUpdate":{"handler":"onTicketUpdateHandlerFreshdesk"}}},"service_ticket":{"events":{"onTicketUpdate":{"handler":"onTicketUpdateHandler"},"onTicketCreate":{"handler":"onTicketCreateHandler"}}},"deal":{"events":{"onDealCreate":{"handler":"onDealCreateHandler"}}}},"features":["db","backend"],"actions":false,"omni":false,"products":["freshdesk","freshservice","freshsales","freshworks_crm"],"platform":"3.0","isInstall":false,"oauth_configs_list":[],"subscribed_modules":["support_ticket","service_ticket","deal"],"endpoint_urls":{"freshdesk":"https://name.example.com","freshsales":"https://name.example.com","freshservice":"https://name.example.com","freshworks_crm":"https://name.example.com"},"isAuthorized":"NA","v2":[]}[0m
2023-11-02 12:33:25.765 +0530 [debug] ([34mdata.js[0m) [31mRead {"server_101_101_modules":{"server_101_101_system_settings":{"currentHost":{"endpoint_urls":{"freshdesk":"https://name.example.com","freshsales":"https://name.example.com","freshservice":"https://name.example.com","freshworks_crm":"https://name.example.com"},"subscribed_modules":["support_ticket","service_ticket","deal"]}},"server_101_101_custom_iparams":{"__meta":{"modules":{"support_ticket":["groups"],"deal":["groups"],"service_ticket":["email"]}},"groups":["opt1","opt2"],"email":"oleti@teradata.com","dark_mode":true}}}[0m
2023-11-02 12:33:25.818 +0530 [debug] ([34mdata.js[0m) [31mRead {"server_101_101_modules":{"server_101_101_system_settings":{"currentHost":{"endpoint_urls":{"freshdesk":"https://name.example.com","freshsales":"https://name.example.com","freshservice":"https://name.example.com","freshworks_crm":"https://name.example.com"},"subscribed_modules":["support_ticket","service_ticket","deal"]}},"server_101_101_custom_iparams":{"__meta":{"modules":{"support_ticket":["groups"],"deal":["groups"],"service_ticket":["email"]}},"groups":["opt1","opt2"],"email":"oleti@teradata.com","dark_mode":true}}}[0m
2023-11-02 12:33:37.218 +0530 [debug] ([34mdata.js[0m) [31mRead {"server_101_101_modules":{"server_101_101_system_settings":{"currentHost":{"endpoint_urls":{"freshdesk":"https://name.example.com","freshsales":"https://name.example.com","freshservice":"https://name.example.com","freshworks_crm":"https://name.example.com"},"subscribed_modules":["support_ticket","service_ticket","deal"]}},"server_101_101_custom_iparams":{"__meta":{"modules":{"support_ticket":["groups"],"deal":["groups"],"service_ticket":["email"]}},"groups":["opt1","opt2"],"email":"oleti@teradata.com","dark_mode":true}}}[0m
2023-11-02 12:33:37.219 +0530 [debug] ([34miframe.js[0m) [31mChecking is authorized for all oauths [0m
2023-11-02 12:33:37.219 +0530 [debug] ([34mdata.js[0m) [31mRead {"server_101_101_modules":{"server_101_101_system_settings":{"currentHost":{"endpoint_urls":{"freshdesk":"https://name.example.com","freshsales":"https://name.example.com","freshservice":"https://name.example.com","freshworks_crm":"https://name.example.com"},"subscribed_modules":["support_ticket","service_ticket","deal"]}},"server_101_101_custom_iparams":{"__meta":{"modules":{"support_ticket":["groups"],"deal":["groups"],"service_ticket":["email"]}},"groups":["opt1","opt2"],"email":"oleti@teradata.com","dark_mode":true}}}[0m
2023-11-02 12:33:37.220 +0530 [debug] ([34mdata.js[0m) [31mRead {"server_101_101_modules":{"server_101_101_system_settings":{"currentHost":{"endpoint_urls":{"freshdesk":"https://name.example.com","freshsales":"https://name.example.com","freshservice":"https://name.example.com","freshworks_crm":"https://name.example.com"},"subscribed_modules":["support_ticket","service_ticket","deal"]}},"server_101_101_custom_iparams":{"__meta":{"modules":{"support_ticket":["groups"],"deal":["groups"],"service_ticket":["email"]}},"groups":["opt1","opt2"],"email":"oleti@teradata.com","dark_mode":true}}}[0m
2023-11-02 12:33:37.220 +0530 [debug] ([34mdata.js[0m) [31mRead {"server_101_101_modules":{"server_101_101_system_settings":{"currentHost":{"endpoint_urls":{"freshdesk":"https://name.example.com","freshsales":"https://name.example.com","freshservice":"https://name.example.com","freshworks_crm":"https://name.example.com"},"subscribed_modules":["support_ticket","service_ticket","deal"]}},"server_101_101_custom_iparams":{"__meta":{"modules":{"support_ticket":["groups"],"deal":["groups"],"service_ticket":["email"]}},"groups":["opt1","opt2"],"email":"oleti@teradata.com","dark_mode":true}}}[0m
2023-11-02 12:33:37.220 +0530 [debug] ([34miframe.js[0m) [31mResponding to product with {"configs":{"groups":["opt1","opt2"],"email":"oleti@teradata.com","dark_mode":true},"displayName":"serverless-events","product":{"freshdesk":{"events":{"onTicketCreate":{"handler":"onTicketCreateHandler"},"onTicketUpdate":{"handler":"onTicketUpdateHandlerFreshdesk"},"onAppInstall":{"handler":"onAppInstallHandler"},"onAppUninstall":{"handler":"onAppUninstallHandler"}}},"freshservice":{"events":{"onTicketUpdate":{"handler":"onTicketUpdateHandler"},"onTicketCreate":{"handler":"onTicketCreateHandler"},"onAppInstall":{"handler":"onAppInstallHandler"},"onAppUninstall":{"handler":"onAppUninstallHandler"}}},"freshsales":{"events":{"onDealCreate":{"handler":"onDealCreateHandler"},"onAppInstall":{"handler":"onAppInstallHandler"},"onAppUninstall":{"handler":"onAppUninstallHandler"}}},"freshworks_crm":{"events":{"onDealCreate":{"handler":"onDealCreateHandler"},"onAppInstall":{"handler":"onAppInstallHandler"},"onAppUninstall":{"handler":"onAppUninstallHandler"}}}},"modules":{"common":{"events":{"onAppInstall":{"handler":"onAppInstallHandler"},"onAppUninstall":{"handler":"onAppUninstallHandler"}}},"support_ticket":{"events":{"onTicketCreate":{"handler":"onTicketCreateHandler"},"onTicketUpdate":{"handler":"onTicketUpdateHandlerFreshdesk"}}},"service_ticket":{"events":{"onTicketUpdate":{"handler":"onTicketUpdateHandler"},"onTicketCreate":{"handler":"onTicketCreateHandler"}}},"deal":{"events":{"onDealCreate":{"handler":"onDealCreateHandler"}}}},"features":["db","backend"],"actions":false,"omni":false,"products":["freshdesk","freshservice","freshsales","freshworks_crm"],"platform":"3.0","isInstall":false,"oauth_configs_list":[],"subscribed_modules":["support_ticket","service_ticket","deal"],"endpoint_urls":{"freshdesk":"https://name.example.com","freshsales":"https://name.example.com","freshservice":"https://name.example.com","freshworks_crm":"https://name.example.com"},"isAuthorized":"NA","v2":[]}[0m
2023-11-02 12:33:37.385 +0530 [debug] ([34miframe.js[0m) [31mChecking is authorized for all oauths [0m
2023-11-02 12:33:37.386 +0530 [debug] ([34mdata.js[0m) [31mRead {"server_101_101_modules":{"server_101_101_system_settings":{"currentHost":{"endpoint_urls":{"freshdesk":"https://name.example.com","freshsales":"https://name.example.com","freshservice":"https://name.example.com","freshworks_crm":"https://name.example.com"},"subscribed_modules":["support_ticket","service_ticket","deal"]}},"server_101_101_custom_iparams":{"__meta":{"modules":{"support_ticket":["groups"],"deal":["groups"],"service_ticket":["email"]}},"groups":["opt1","opt2"],"email":"oleti@teradata.com","dark_mode":true}}}[0m
2023-11-02 12:33:37.386 +0530 [debug] ([34mdata.js[0m) [31mRead {"server_101_101_modules":{"server_101_101_system_settings":{"currentHost":{"endpoint_urls":{"freshdesk":"https://name.example.com","freshsales":"https://name.example.com","freshservice":"https://name.example.com","freshworks_crm":"https://name.example.com"},"subscribed_modules":["support_ticket","service_ticket","deal"]}},"server_101_101_custom_iparams":{"__meta":{"modules":{"support_ticket":["groups"],"deal":["groups"],"service_ticket":["email"]}},"groups":["opt1","opt2"],"email":"oleti@teradata.com","dark_mode":true}}}[0m
2023-11-02 12:33:37.387 +0530 [debug] ([34mdata.js[0m) [31mRead {"server_101_101_modules":{"server_101_101_system_settings":{"currentHost":{"endpoint_urls":{"freshdesk":"https://name.example.com","freshsales":"https://name.example.com","freshservice":"https://name.example.com","freshworks_crm":"https://name.example.com"},"subscribed_modules":["support_ticket","service_ticket","deal"]}},"server_101_101_custom_iparams":{"__meta":{"modules":{"support_ticket":["groups"],"deal":["groups"],"service_ticket":["email"]}},"groups":["opt1","opt2"],"email":"oleti@teradata.com","dark_mode":true}}}[0m
2023-11-02 12:33:37.387 +0530 [debug] ([34miframe.js[0m) [31mResponding to product with {"configs":{"groups":["opt1","opt2"],"email":"oleti@teradata.com","dark_mode":true},"displayName":"serverless-events","product":{"freshdesk":{"events":{"onTicketCreate":{"handler":"onTicketCreateHandler"},"onTicketUpdate":{"handler":"onTicketUpdateHandlerFreshdesk"},"onAppInstall":{"handler":"onAppInstallHandler"},"onAppUninstall":{"handler":"onAppUninstallHandler"}}},"freshservice":{"events":{"onTicketUpdate":{"handler":"onTicketUpdateHandler"},"onTicketCreate":{"handler":"onTicketCreateHandler"},"onAppInstall":{"handler":"onAppInstallHandler"},"onAppUninstall":{"handler":"onAppUninstallHandler"}}},"freshsales":{"events":{"onDealCreate":{"handler":"onDealCreateHandler"},"onAppInstall":{"handler":"onAppInstallHandler"},"onAppUninstall":{"handler":"onAppUninstallHandler"}}},"freshworks_crm":{"events":{"onDealCreate":{"handler":"onDealCreateHandler"},"onAppInstall":{"handler":"onAppInstallHandler"},"onAppUninstall":{"handler":"onAppUninstallHandler"}}}},"modules":{"common":{"events":{"onAppInstall":{"handler":"onAppInstallHandler"},"onAppUninstall":{"handler":"onAppUninstallHandler"}}},"support_ticket":{"events":{"onTicketCreate":{"handler":"onTicketCreateHandler"},"onTicketUpdate":{"handler":"onTicketUpdateHandlerFreshdesk"}}},"service_ticket":{"events":{"onTicketUpdate":{"handler":"onTicketUpdateHandler"},"onTicketCreate":{"handler":"onTicketCreateHandler"}}},"deal":{"events":{"onDealCreate":{"handler":"onDealCreateHandler"}}}},"features":["db","backend"],"actions":false,"omni":false,"products":["freshdesk","freshservice","freshsales","freshworks_crm"],"platform":"3.0","isInstall":false,"oauth_configs_list":[],"subscribed_modules":["support_ticket","service_ticket","deal"],"endpoint_urls":{"freshdesk":"https://name.example.com","freshsales":"https://name.example.com","freshservice":"https://name.example.com","freshworks_crm":"https://name.example.com"},"isAuthorized":"NA","v2":[]}[0m
2023-11-02 12:33:40.234 +0530 [debug] ([34miframe.js[0m) [31mChecking is authorized for all oauths [0m
2023-11-02 12:33:40.234 +0530 [debug] ([34mdata.js[0m) [31mRead {"server_101_101_modules":{"server_101_101_system_settings":{"currentHost":{"endpoint_urls":{"freshdesk":"https://name.example.com","freshsales":"https://name.example.com","freshservice":"https://name.example.com","freshworks_crm":"https://name.example.com"},"subscribed_modules":["support_ticket","service_ticket","deal"]}},"server_101_101_custom_iparams":{"__meta":{"modules":{"support_ticket":["groups"],"deal":["groups"],"service_ticket":["email"]}},"groups":["opt1","opt2"],"email":"oleti@teradata.com","dark_mode":true}}}[0m
2023-11-02 12:33:40.234 +0530 [debug] ([34mdata.js[0m) [31mRead {"server_101_101_modules":{"server_101_101_system_settings":{"currentHost":{"endpoint_urls":{"freshdesk":"https://name.example.com","freshsales":"https://name.example.com","freshservice":"https://name.example.com","freshworks_crm":"https://name.example.com"},"subscribed_modules":["support_ticket","service_ticket","deal"]}},"server_101_101_custom_iparams":{"__meta":{"modules":{"support_ticket":["groups"],"deal":["groups"],"service_ticket":["email"]}},"groups":["opt1","opt2"],"email":"oleti@teradata.com","dark_mode":true}}}[0m
2023-11-02 12:33:40.235 +0530 [debug] ([34mdata.js[0m) [31mRead {"server_101_101_modules":{"server_101_101_system_settings":{"currentHost":{"endpoint_urls":{"freshdesk":"https://name.example.com","freshsales":"https://name.example.com","freshservice":"https://name.example.com","freshworks_crm":"https://name.example.com"},"subscribed_modules":["support_ticket","service_ticket","deal"]}},"server_101_101_custom_iparams":{"__meta":{"modules":{"support_ticket":["groups"],"deal":["groups"],"service_ticket":["email"]}},"groups":["opt1","opt2"],"email":"oleti@teradata.com","dark_mode":true}}}[0m
2023-11-02 12:33:40.235 +0530 [debug] ([34miframe.js[0m) [31mResponding to product with {"configs":{"groups":["opt1","opt2"],"email":"oleti@teradata.com","dark_mode":true},"displayName":"serverless-events","product":{"freshdesk":{"events":{"onTicketCreate":{"handler":"onTicketCreateHandler"},"onTicketUpdate":{"handler":"onTicketUpdateHandlerFreshdesk"},"onAppInstall":{"handler":"onAppInstallHandler"},"onAppUninstall":{"handler":"onAppUninstallHandler"}}},"freshservice":{"events":{"onTicketUpdate":{"handler":"onTicketUpdateHandler"},"onTicketCreate":{"handler":"onTicketCreateHandler"},"onAppInstall":{"handler":"onAppInstallHandler"},"onAppUninstall":{"handler":"onAppUninstallHandler"}}},"freshsales":{"events":{"onDealCreate":{"handler":"onDealCreateHandler"},"onAppInstall":{"handler":"onAppInstallHandler"},"onAppUninstall":{"handler":"onAppUninstallHandler"}}},"freshworks_crm":{"events":{"onDealCreate":{"handler":"onDealCreateHandler"},"onAppInstall":{"handler":"onAppInstallHandler"},"onAppUninstall":{"handler":"onAppUninstallHandler"}}}},"modules":{"common":{"events":{"onAppInstall":{"handler":"onAppInstallHandler"},"onAppUninstall":{"handler":"onAppUninstallHandler"}}},"support_ticket":{"events":{"onTicketCreate":{"handler":"onTicketCreateHandler"},"onTicketUpdate":{"handler":"onTicketUpdateHandlerFreshdesk"}}},"service_ticket":{"events":{"onTicketUpdate":{"handler":"onTicketUpdateHandler"},"onTicketCreate":{"handler":"onTicketCreateHandler"}}},"deal":{"events":{"onDealCreate":{"handler":"onDealCreateHandler"}}}},"features":["db","backend"],"actions":false,"omni":false,"products":["freshdesk","freshservice","freshsales","freshworks_crm"],"platform":"3.0","isInstall":false,"oauth_configs_list":[],"subscribed_modules":["support_ticket","service_ticket","deal"],"endpoint_urls":{"freshdesk":"https://name.example.com","freshsales":"https://name.example.com","freshservice":"https://name.example.com","freshworks_crm":"https://name.example.com"},"isAuthorized":"NA","v2":[]}[0m
2023-11-02 12:33:42.387 +0530 [debug] ([34mevent.js[0m) [31mFound ["onTicketCreateHandler","onAppInstallHandler","onAppUninstallHandler","onDealCreateHandler","onTicketUpdateHandler","onTicketUpdateHandlerFreshdesk"] as exported functions.[0m
2023-11-02 12:33:48.894 +0530 [debug] ([34mdata.js[0m) [31mRead {"server_101_101_modules":{"server_101_101_system_settings":{"currentHost":{"endpoint_urls":{"freshdesk":"https://name.example.com","freshsales":"https://name.example.com","freshservice":"https://name.example.com","freshworks_crm":"https://name.example.com"},"subscribed_modules":["support_ticket","service_ticket","deal"]}},"server_101_101_custom_iparams":{"__meta":{"modules":{"support_ticket":["groups"],"deal":["groups"],"service_ticket":["email"]}},"groups":["opt1","opt2"],"email":"oleti@teradata.com","dark_mode":true}}}[0m
2023-11-02 12:33:48.894 +0530 [debug] ([34mbeevents.js[0m) [31mUsing {"groups":["opt1","opt2"],"email":"oleti@teradata.com","dark_mode":true} as iparams for testing.[0m
2023-11-02 12:33:48.894 +0530 [debug] ([34mdata.js[0m) [31mRead {"server_101_101_modules":{"server_101_101_system_settings":{"currentHost":{"endpoint_urls":{"freshdesk":"https://name.example.com","freshsales":"https://name.example.com","freshservice":"https://name.example.com","freshworks_crm":"https://name.example.com"},"subscribed_modules":["support_ticket","service_ticket","deal"]}},"server_101_101_custom_iparams":{"__meta":{"modules":{"support_ticket":["groups"],"deal":["groups"],"service_ticket":["email"]}},"groups":["opt1","opt2"],"email":"oleti@teradata.com","dark_mode":true}}}[0m
2023-11-02 12:33:48.894 +0530 [debug] ([34mbeevents.js[0m) [31mCalling event handler with {"categoryName":"productEvent","categoryArgs":{"methodName":"onTicketCreate","methodParams":{"region":"US","data":{"ticket":{"model_id":28939101,"subject":"Support Needed...","description":"<div style=\"font-family:-apple-system, BlinkMacSystemFont, Segoe UI, Roboto, Helvetica Neue, Arial, sans-serif; font-size:14px\"><div dir=\"ltr\">adsf</div></div>","is_description_truncated":false,"description_text":"Some details on the issue ...","is_description_text_truncated":false,"due_by":"2021-11-10T13:45:13Z","first_response_by_bhrs":null,"fr_due_by":"2021-11-08T13:45:13Z","fr_escalated":false,"is_escalated":false,"fwd_emails":["ram@freshdesk.com","diana@freshdesk.com"],"reply_cc_emails":["ram@freshdesk.com","diana@freshdesk.com"],"email_config_id":null,"id":165,"group_id":null,"product_id":null,"company_id":null,"requester_id":48014615863,"responder_id":48,"status":2,"priority":1,"type":null,"tags":[],"spam":false,"source":3,"tweet_id":null,"cc_emails":[],"to_emails":null,"created_at":"2021-11-05T12:45:13Z","updated_at":"2021-11-05T12:45:13Z","attachments":[],"custom_fields":{"cf_aefds_11010177632":null,"cf_sda_11010177632":null,"cf_check_test_11010177632":null,"cf_pick_list_test_11010177632":null},"account_id":13,"sla_policy_id":1000000403489,"resolution_escalation_level":null,"response_reminded":false,"resolution_reminded":false,"time_to_resolution_in_bhrs":null,"time_to_resolution_in_chrs":null,"inbound_count":1,"archive":false,"internal_agent_id":null,"internal_group_id":null,"outbound_email":false,"watchers":[],"urgent":false,"trained":false,"deleted":false,"group_users":[],"import_id":null,"on_state_time":null,"source_additional_info":null,"status_stop_sla_timer":false,"status_deleted":false,"skill_id":null,"nr_escalated":null,"next_response_reminded":false,"nr_due_by":null,"attachment_ids":[],"first_assign_by_bhrs":0,"first_response_id":null,"first_response_group_id":null,"first_response_agent_id":null,"first_assign_agent_id":48,"first_assign_group_id":null,"agent_reassigned_count":null,"group_reassigned_count":null,"reopened_count":null,"private_note_count":null,"public_note_count":null,"agent_reply_count":null,"customer_reply_count":null,"agent_assigned_flag":true,"agent_reassigned_flag":null,"group_assigned_flag":null,"group_reassigned_flag":null,"internal_agent_assigned_flag":null,"internal_agent_reassigned_flag":null,"internal_group_assigned_flag":null,"internal_group_reassigned_flag":null,"internal_agent_first_assign_in_bhrs":null,"last_resolved_at":null,"closed_at":null,"resolved_at":null,"first_response_time":null,"first_assigned_at":"2021-11-05T12:45:13Z","assigned_at":"2021-11-05T12:45:13Z","bcc_emails":[],"tkt_cc":[],"associates":null,"associates_rdb":null,"parent_id":null,"support_email":null,"internal_agent_uid":null,"responder_uid":"246574923996993384","watchers_uid_list":[],"group_users_uid_list":[],"requester_responded_at":null,"agent_responded_at":null},"actor":{"sanitized_phone":"0987654321","company_id":null,"first_name":"Minerva","org_contact_id":null,"org_agent_id":"246574923996993384","last_seen_at":null,"city":null,"name":"Minerva","failed_login_count":0,"blocked_at":null,"customer_id":null,"email":"minerva@freshdesk.com","state":null,"parent_id":0,"description":null,"job_title":null,"tags":[],"current_login_ip":"100.25.62.61","timezone":"America/New_York","privileges":"193248897710135786048173323961003191631436058972055363553917057189806079","whitelisted":false,"visitor_id":null,"twitter_id":null,"country":null,"user_role":null,"current_login_at":"2021-11-05T12:43:09Z","fb_profile_id":null,"last_login_at":"2021-11-05T12:42:56Z","other_emails":[],"id":48,"account_id":13,"language":"en","last_name":null,"second_email":null,"last_login_ip":"13.222.333.555","other_company_ids":[],"extn":null,"login_count":1371,"preferences":{"agent_preferences":{"field_service":{"dismissed_sample_scheduling_dashboard":false},"shortcuts_mapping":[],"falcon_ui":false,"show_onBoarding":true,"notification_timestamp":null,"undo_send":false,"show_monthly_to_annual_notification":true,"focus_mode":true,"search_settings":{"tickets":{"include_attachment_names":true,"include_description":true,"include_notes":true,"include_other_properties":true,"include_subject":true}},"show_loyalty_upgrade":false,"shortcuts_enabled":true},"user_preferences":{"was_agent":false,"agent_deleted_forever":false,"marked_for_hard_delete":false},"password_expiry_date":"2120-10-17 05:21:53 UTC"},"delta":true,"external_id":null,"address":null,"blocked":false,"created_at":"2020-11-10T05:21:53Z","import_id":null,"posts_count":0,"type":"agent","helpdesk_agent":true,"updated_at":"2020-11-11T10:02:35Z","mobile":null,"deleted_at":null,"time_zone":"Eastern Time (US & Canada)","deleted":false,"phone":"0987654321","unique_external_id":null,"sanitized_mobile":null,"active":true},"requester":{"id":48014615863,"name":"Rachel","email":"rachel@freshdesk.com","mobile":null,"phone":null,"language":"en","created_at":"2021-11-05T12:45:13Z"}},"event":"onTicketCreate","timestamp":1636116313.9754386,"iparams":{"groups":["opt1","opt2"],"email":"oleti@teradata.com","dark_mode":true},"currentHost":{"endpoint_urls":{"freshdesk":"https://name.example.com","freshsales":"https://name.example.com","freshservice":"https://name.example.com","freshworks_crm":"https://name.example.com"},"subscribed_modules":["support_ticket","service_ticket","deal"]}}}}[0m
2023-11-02 12:33:48.895 +0530 [debug] ([34mcoverage.js[0m) [31mInstrumenting /Users/saifas/MyLab/freshworks-apps/global-app-features/serverless-events/server/server.js[0m
2023-11-02 12:33:49.451 +0530 [debug] ([34mcoverage.js[0m) [31mWriting coverage.[0m
2023-11-02 12:33:54.051 +0530 [debug] ([34miframe.js[0m) [31mChecking is authorized for all oauths [0m
2023-11-02 12:33:54.051 +0530 [debug] ([34mdata.js[0m) [31mRead {"server_101_101_modules":{"server_101_101_system_settings":{"currentHost":{"endpoint_urls":{"freshdesk":"https://name.example.com","freshsales":"https://name.example.com","freshservice":"https://name.example.com","freshworks_crm":"https://name.example.com"},"subscribed_modules":["support_ticket","service_ticket","deal"]}},"server_101_101_custom_iparams":{"__meta":{"modules":{"support_ticket":["groups"],"deal":["groups"],"service_ticket":["email"]}},"groups":["opt1","opt2"],"email":"oleti@teradata.com","dark_mode":true}}}[0m
2023-11-02 12:33:54.052 +0530 [debug] ([34mdata.js[0m) [31mRead {"server_101_101_modules":{"server_101_101_system_settings":{"currentHost":{"endpoint_urls":{"freshdesk":"https://name.example.com","freshsales":"https://name.example.com","freshservice":"https://name.example.com","freshworks_crm":"https://name.example.com"},"subscribed_modules":["support_ticket","service_ticket","deal"]}},"server_101_101_custom_iparams":{"__meta":{"modules":{"support_ticket":["groups"],"deal":["groups"],"service_ticket":["email"]}},"groups":["opt1","opt2"],"email":"oleti@teradata.com","dark_mode":true}}}[0m
2023-11-02 12:33:54.052 +0530 [debug] ([34mdata.js[0m) [31mRead {"server_101_101_modules":{"server_101_101_system_settings":{"currentHost":{"endpoint_urls":{"freshdesk":"https://name.example.com","freshsales":"https://name.example.com","freshservice":"https://name.example.com","freshworks_crm":"https://name.example.com"},"subscribed_modules":["support_ticket","service_ticket","deal"]}},"server_101_101_custom_iparams":{"__meta":{"modules":{"support_ticket":["groups"],"deal":["groups"],"service_ticket":["email"]}},"groups":["opt1","opt2"],"email":"oleti@teradata.com","dark_mode":true}}}[0m
2023-11-02 12:33:54.052 +0530 [debug] ([34miframe.js[0m) [31mResponding to product with {"configs":{"groups":["opt1","opt2"],"email":"oleti@teradata.com","dark_mode":true},"displayName":"serverless-events","product":{"freshdesk":{"events":{"onTicketCreate":{"handler":"onTicketCreateHandler"},"onTicketUpdate":{"handler":"onTicketUpdateHandlerFreshdesk"},"onAppInstall":{"handler":"onAppInstallHandler"},"onAppUninstall":{"handler":"onAppUninstallHandler"}}},"freshservice":{"events":{"onTicketUpdate":{"handler":"onTicketUpdateHandler"},"onTicketCreate":{"handler":"onTicketCreateHandler"},"onAppInstall":{"handler":"onAppInstallHandler"},"onAppUninstall":{"handler":"onAppUninstallHandler"}}},"freshsales":{"events":{"onDealCreate":{"handler":"onDealCreateHandler"},"onAppInstall":{"handler":"onAppInstallHandler"},"onAppUninstall":{"handler":"onAppUninstallHandler"}}},"freshworks_crm":{"events":{"onDealCreate":{"handler":"onDealCreateHandler"},"onAppInstall":{"handler":"onAppInstallHandler"},"onAppUninstall":{"handler":"onAppUninstallHandler"}}}},"modules":{"common":{"events":{"onAppInstall":{"handler":"onAppInstallHandler"},"onAppUninstall":{"handler":"onAppUninstallHandler"}}},"support_ticket":{"events":{"onTicketCreate":{"handler":"onTicketCreateHandler"},"onTicketUpdate":{"handler":"onTicketUpdateHandlerFreshdesk"}}},"service_ticket":{"events":{"onTicketUpdate":{"handler":"onTicketUpdateHandler"},"onTicketCreate":{"handler":"onTicketCreateHandler"}}},"deal":{"events":{"onDealCreate":{"handler":"onDealCreateHandler"}}}},"features":["db","backend"],"actions":false,"omni":false,"products":["freshdesk","freshservice","freshsales","freshworks_crm"],"platform":"3.0","isInstall":false,"oauth_configs_list":[],"subscribed_modules":["support_ticket","service_ticket","deal"],"endpoint_urls":{"freshdesk":"https://name.example.com","freshsales":"https://name.example.com","freshservice":"https://name.example.com","freshworks_crm":"https://name.example.com"},"isAuthorized":"NA","v2":[]}[0m
2023-11-02 12:33:56.882 +0530 [debug] ([34mevent.js[0m) [31mFound ["onTicketCreateHandler","onAppInstallHandler","onAppUninstallHandler","onDealCreateHandler","onTicketUpdateHandler","onTicketUpdateHandlerFreshdesk"] as exported functions.[0m
2023-11-02 12:34:17.650 +0530 [debug] ([34miframe.js[0m) [31mChecking is authorized for all oauths [0m
2023-11-02 12:34:17.651 +0530 [debug] ([34mdata.js[0m) [31mRead {"server_101_101_modules":{"server_101_101_system_settings":{"currentHost":{"endpoint_urls":{"freshdesk":"https://name.example.com","freshsales":"https://name.example.com","freshservice":"https://name.example.com","freshworks_crm":"https://name.example.com"},"subscribed_modules":["support_ticket","service_ticket","deal"]}},"server_101_101_custom_iparams":{"__meta":{"modules":{"support_ticket":["groups"],"deal":["groups"],"service_ticket":["email"]}},"groups":["opt1","opt2"],"email":"oleti@teradata.com","dark_mode":true}}}[0m
2023-11-02 12:34:17.652 +0530 [debug] ([34mdata.js[0m) [31mRead {"server_101_101_modules":{"server_101_101_system_settings":{"currentHost":{"endpoint_urls":{"freshdesk":"https://name.example.com","freshsales":"https://name.example.com","freshservice":"https://name.example.com","freshworks_crm":"https://name.example.com"},"subscribed_modules":["support_ticket","service_ticket","deal"]}},"server_101_101_custom_iparams":{"__meta":{"modules":{"support_ticket":["groups"],"deal":["groups"],"service_ticket":["email"]}},"groups":["opt1","opt2"],"email":"oleti@teradata.com","dark_mode":true}}}[0m
2023-11-02 12:34:17.652 +0530 [debug] ([34mdata.js[0m) [31mRead {"server_101_101_modules":{"server_101_101_system_settings":{"currentHost":{"endpoint_urls":{"freshdesk":"https://name.example.com","freshsales":"https://name.example.com","freshservice":"https://name.example.com","freshworks_crm":"https://name.example.com"},"subscribed_modules":["support_ticket","service_ticket","deal"]}},"server_101_101_custom_iparams":{"__meta":{"modules":{"support_ticket":["groups"],"deal":["groups"],"service_ticket":["email"]}},"groups":["opt1","opt2"],"email":"oleti@teradata.com","dark_mode":true}}}[0m
2023-11-02 12:34:17.652 +0530 [debug] ([34miframe.js[0m) [31mResponding to product with {"configs":{"groups":["opt1","opt2"],"email":"oleti@teradata.com","dark_mode":true},"displayName":"serverless-events","product":{"freshdesk":{"events":{"onTicketCreate":{"handler":"onTicketCreateHandler"},"onTicketUpdate":{"handler":"onTicketUpdateHandlerFreshdesk"},"onAppInstall":{"handler":"onAppInstallHandler"},"onAppUninstall":{"handler":"onAppUninstallHandler"}}},"freshservice":{"events":{"onTicketUpdate":{"handler":"onTicketUpdateHandler"},"onTicketCreate":{"handler":"onTicketCreateHandler"},"onAppInstall":{"handler":"onAppInstallHandler"},"onAppUninstall":{"handler":"onAppUninstallHandler"}}},"freshsales":{"events":{"onDealCreate":{"handler":"onDealCreateHandler"},"onAppInstall":{"handler":"onAppInstallHandler"},"onAppUninstall":{"handler":"onAppUninstallHandler"}}},"freshworks_crm":{"events":{"onDealCreate":{"handler":"onDealCreateHandler"},"onAppInstall":{"handler":"onAppInstallHandler"},"onAppUninstall":{"handler":"onAppUninstallHandler"}}}},"modules":{"common":{"events":{"onAppInstall":{"handler":"onAppInstallHandler"},"onAppUninstall":{"handler":"onAppUninstallHandler"}}},"support_ticket":{"events":{"onTicketCreate":{"handler":"onTicketCreateHandler"},"onTicketUpdate":{"handler":"onTicketUpdateHandlerFreshdesk"}}},"service_ticket":{"events":{"onTicketUpdate":{"handler":"onTicketUpdateHandler"},"onTicketCreate":{"handler":"onTicketCreateHandler"}}},"deal":{"events":{"onDealCreate":{"handler":"onDealCreateHandler"}}}},"features":["db","backend"],"actions":false,"omni":false,"products":["freshdesk","freshservice","freshsales","freshworks_crm"],"platform":"3.0","isInstall":false,"oauth_configs_list":[],"subscribed_modules":["support_ticket","service_ticket","deal"],"endpoint_urls":{"freshdesk":"https://name.example.com","freshsales":"https://name.example.com","freshservice":"https://name.example.com","freshworks_crm":"https://name.example.com"},"isAuthorized":"NA","v2":[]}[0m
2023-11-02 12:34:19.035 +0530 [debug] ([34mevent.js[0m) [31mFound ["onTicketCreateHandler","onAppInstallHandler","onAppUninstallHandler","onDealCreateHandler","onTicketUpdateHandler","onTicketUpdateHandlerFreshdesk"] as exported functions.[0m
2023-11-02 12:34:22.242 +0530 [debug] ([34mdata.js[0m) [31mRead {"server_101_101_modules":{"server_101_101_system_settings":{"currentHost":{"endpoint_urls":{"freshdesk":"https://name.example.com","freshsales":"https://name.example.com","freshservice":"https://name.example.com","freshworks_crm":"https://name.example.com"},"subscribed_modules":["support_ticket","service_ticket","deal"]}},"server_101_101_custom_iparams":{"__meta":{"modules":{"support_ticket":["groups"],"deal":["groups"],"service_ticket":["email"]}},"groups":["opt1","opt2"],"email":"oleti@teradata.com","dark_mode":true}}}[0m
2023-11-02 12:34:22.242 +0530 [debug] ([34mbeevents.js[0m) [31mUsing {"groups":["opt1","opt2"],"email":"oleti@teradata.com","dark_mode":true} as iparams for testing.[0m
2023-11-02 12:34:22.243 +0530 [debug] ([34mdata.js[0m) [31mRead {"server_101_101_modules":{"server_101_101_system_settings":{"currentHost":{"endpoint_urls":{"freshdesk":"https://name.example.com","freshsales":"https://name.example.com","freshservice":"https://name.example.com","freshworks_crm":"https://name.example.com"},"subscribed_modules":["support_ticket","service_ticket","deal"]}},"server_101_101_custom_iparams":{"__meta":{"modules":{"support_ticket":["groups"],"deal":["groups"],"service_ticket":["email"]}},"groups":["opt1","opt2"],"email":"oleti@teradata.com","dark_mode":true}}}[0m
2023-11-02 12:34:22.243 +0530 [debug] ([34mbeevents.js[0m) [31mCalling event handler with {"categoryName":"productEvent","categoryArgs":{"methodName":"onTicketCreate","methodParams":{"region":"US","data":{"ticket":{"model_id":28939101,"subject":"Support Needed...","description":"<div style=\"font-family:-apple-system, BlinkMacSystemFont, Segoe UI, Roboto, Helvetica Neue, Arial, sans-serif; font-size:14px\"><div dir=\"ltr\">adsf</div></div>","is_description_truncated":false,"description_text":"Some details on the issue ...","is_description_text_truncated":false,"due_by":"2021-11-10T13:45:13Z","first_response_by_bhrs":null,"fr_due_by":"2021-11-08T13:45:13Z","fr_escalated":false,"is_escalated":false,"fwd_emails":["ram@freshdesk.com","diana@freshdesk.com"],"reply_cc_emails":["ram@freshdesk.com","diana@freshdesk.com"],"email_config_id":null,"id":165,"group_id":null,"product_id":null,"company_id":null,"requester_id":48014615863,"responder_id":48,"status":2,"priority":1,"type":null,"tags":[],"spam":false,"source":3,"tweet_id":null,"cc_emails":[],"to_emails":null,"created_at":"2021-11-05T12:45:13Z","updated_at":"2021-11-05T12:45:13Z","attachments":[],"custom_fields":{"cf_aefds_11010177632":null,"cf_sda_11010177632":null,"cf_check_test_11010177632":null,"cf_pick_list_test_11010177632":null},"account_id":13,"sla_policy_id":1000000403489,"resolution_escalation_level":null,"response_reminded":false,"resolution_reminded":false,"time_to_resolution_in_bhrs":null,"time_to_resolution_in_chrs":null,"inbound_count":1,"archive":false,"internal_agent_id":null,"internal_group_id":null,"outbound_email":false,"watchers":[],"urgent":false,"trained":false,"deleted":false,"group_users":[],"import_id":null,"on_state_time":null,"source_additional_info":null,"status_stop_sla_timer":false,"status_deleted":false,"skill_id":null,"nr_escalated":null,"next_response_reminded":false,"nr_due_by":null,"attachment_ids":[],"first_assign_by_bhrs":0,"first_response_id":null,"first_response_group_id":null,"first_response_agent_id":null,"first_assign_agent_id":48,"first_assign_group_id":null,"agent_reassigned_count":null,"group_reassigned_count":null,"reopened_count":null,"private_note_count":null,"public_note_count":null,"agent_reply_count":null,"customer_reply_count":null,"agent_assigned_flag":true,"agent_reassigned_flag":null,"group_assigned_flag":null,"group_reassigned_flag":null,"internal_agent_assigned_flag":null,"internal_agent_reassigned_flag":null,"internal_group_assigned_flag":null,"internal_group_reassigned_flag":null,"internal_agent_first_assign_in_bhrs":null,"last_resolved_at":null,"closed_at":null,"resolved_at":null,"first_response_time":null,"first_assigned_at":"2021-11-05T12:45:13Z","assigned_at":"2021-11-05T12:45:13Z","bcc_emails":[],"tkt_cc":[],"associates":null,"associates_rdb":null,"parent_id":null,"support_email":null,"internal_agent_uid":null,"responder_uid":"246574923996993384","watchers_uid_list":[],"group_users_uid_list":[],"requester_responded_at":null,"agent_responded_at":null},"actor":{"sanitized_phone":"0987654321","company_id":null,"first_name":"Minerva","org_contact_id":null,"org_agent_id":"246574923996993384","last_seen_at":null,"city":null,"name":"Minerva","failed_login_count":0,"blocked_at":null,"customer_id":null,"email":"minerva@freshdesk.com","state":null,"parent_id":0,"description":null,"job_title":null,"tags":[],"current_login_ip":"100.25.62.61","timezone":"America/New_York","privileges":"193248897710135786048173323961003191631436058972055363553917057189806079","whitelisted":false,"visitor_id":null,"twitter_id":null,"country":null,"user_role":null,"current_login_at":"2021-11-05T12:43:09Z","fb_profile_id":null,"last_login_at":"2021-11-05T12:42:56Z","other_emails":[],"id":48,"account_id":13,"language":"en","last_name":null,"second_email":null,"last_login_ip":"13.222.333.555","other_company_ids":[],"extn":null,"login_count":1371,"preferences":{"agent_preferences":{"field_service":{"dismissed_sample_scheduling_dashboard":false},"shortcuts_mapping":[],"falcon_ui":false,"show_onBoarding":true,"notification_timestamp":null,"undo_send":false,"show_monthly_to_annual_notification":true,"focus_mode":true,"search_settings":{"tickets":{"include_attachment_names":true,"include_description":true,"include_notes":true,"include_other_properties":true,"include_subject":true}},"show_loyalty_upgrade":false,"shortcuts_enabled":true},"user_preferences":{"was_agent":false,"agent_deleted_forever":false,"marked_for_hard_delete":false},"password_expiry_date":"2120-10-17 05:21:53 UTC"},"delta":true,"external_id":null,"address":null,"blocked":false,"created_at":"2020-11-10T05:21:53Z","import_id":null,"posts_count":0,"type":"agent","helpdesk_agent":true,"updated_at":"2020-11-11T10:02:35Z","mobile":null,"deleted_at":null,"time_zone":"Eastern Time (US & Canada)","deleted":false,"phone":"0987654321","unique_external_id":null,"sanitized_mobile":null,"active":true},"requester":{"id":48014615863,"name":"Rachel","email":"rachel@freshdesk.com","mobile":null,"phone":null,"language":"en","created_at":"2021-11-05T12:45:13Z"}},"event":"onTicketCreate","timestamp":1636116313.9754386,"iparams":{"groups":["opt1","opt2"],"email":"oleti@teradata.com","dark_mode":true},"currentHost":{"endpoint_urls":{"freshdesk":"https://name.example.com","freshsales":"https://name.example.com","freshservice":"https://name.example.com","freshworks_crm":"https://name.example.com"},"subscribed_modules":["support_ticket","service_ticket","deal"]}}}}[0m
2023-11-02 12:34:22.243 +0530 [debug] ([34mcoverage.js[0m) [31mInstrumenting /Users/saifas/MyLab/freshworks-apps/global-app-features/serverless-events/server/server.js[0m
2023-11-02 12:34:22.763 +0530 [debug] ([34mcoverage.js[0m) [31mWriting coverage.[0m
2023-11-02 12:34:23.008 +0530 [debug] ([34mcoverage.js[0m) [31mWriting coverage.[0m
2023-11-02 12:34:23.509 +0530 [debug] ([34mcoverage.js[0m) [31mWriting coverage.[0m
2023-11-02 12:34:24.010 +0530 [debug] ([34mcoverage.js[0m) [31mWriting coverage.[0m
2023-11-02 12:34:24.511 +0530 [debug] ([34mcoverage.js[0m) [31mWriting coverage.[0m
2023-11-02 12:34:25.012 +0530 [debug] ([34mcoverage.js[0m) [31mWriting coverage.[0m
2023-11-02 12:34:25.514 +0530 [debug] ([34mcoverage.js[0m) [31mWriting coverage.[0m
2023-11-02 12:34:26.014 +0530 [debug] ([34mcoverage.js[0m) [31mWriting coverage.[0m
2023-11-02 12:34:26.515 +0530 [debug] ([34mcoverage.js[0m) [31mWriting coverage.[0m
2023-11-02 12:34:27.016 +0530 [debug] ([34mcoverage.js[0m) [31mWriting coverage.[0m
2023-11-02 12:34:27.518 +0530 [debug] ([34mcoverage.js[0m) [31mWriting coverage.[0m
2023-11-02 12:34:28.019 +0530 [debug] ([34mcoverage.js[0m) [31mWriting coverage.[0m
2023-11-02 12:34:28.520 +0530 [debug] ([34mcoverage.js[0m) [31mWriting coverage.[0m
2023-11-02 12:34:29.023 +0530 [debug] ([34mcoverage.js[0m) [31mWriting coverage.[0m
2023-11-02 12:34:29.523 +0530 [debug] ([34mcoverage.js[0m) [31mWriting coverage.[0m
2023-11-02 12:34:30.024 +0530 [debug] ([34mcoverage.js[0m) [31mWriting coverage.[0m
2023-11-02 12:34:30.525 +0530 [debug] ([34mcoverage.js[0m) [31mWriting coverage.[0m
2023-11-02 12:34:31.027 +0530 [debug] ([34mcoverage.js[0m) [31mWriting coverage.[0m
2023-11-02 12:34:31.527 +0530 [debug] ([34mcoverage.js[0m) [31mWriting coverage.[0m
2023-11-02 12:34:32.029 +0530 [debug] ([34mcoverage.js[0m) [31mWriting coverage.[0m
2023-11-02 12:34:32.530 +0530 [debug] ([34mcoverage.js[0m) [31mWriting coverage.[0m
2023-11-02 12:34:33.031 +0530 [debug] ([34mcoverage.js[0m) [31mWriting coverage.[0m
2023-11-02 12:34:33.531 +0530 [debug] ([34mcoverage.js[0m) [31mWriting coverage.[0m
2023-11-02 12:34:34.033 +0530 [debug] ([34mcoverage.js[0m) [31mWriting coverage.[0m
2023-11-02 12:34:34.533 +0530 [debug] ([34mcoverage.js[0m) [31mWriting coverage.[0m
2023-11-02 12:34:35.034 +0530 [debug] ([34mcoverage.js[0m) [31mWriting coverage.[0m
2023-11-02 12:34:35.536 +0530 [debug] ([34mcoverage.js[0m) [31mWriting coverage.[0m
2023-11-02 12:34:36.037 +0530 [debug] ([34mcoverage.js[0m) [31mWriting coverage.[0m
2023-11-02 12:34:36.538 +0530 [debug] ([34mcoverage.js[0m) [31mWriting coverage.[0m
2023-11-02 12:34:37.039 +0530 [debug] ([34mcoverage.js[0m) [31mWriting coverage.[0m
2023-11-02 12:34:37.541 +0530 [debug] ([34mcoverage.js[0m) [31mWriting coverage.[0m
2023-11-02 12:34:38.042 +0530 [debug] ([34mcoverage.js[0m) [31mWriting coverage.[0m
2023-11-02 12:34:38.543 +0530 [debug] ([34mcoverage.js[0m) [31mWriting coverage.[0m
2023-11-02 12:34:38.902 +0530 [info] 
NOTE: We recommend a coverage of 80% for apps that are to be published in the public marketplace.
