2023-10-30 11:49:25.567 +0530 [debug] ([34mconfigs.js[0m) [31mloaded default configs as "{"updates":{"manifest_url":"https://cdn.freshdev.io/assets/fdk/pv3_updates.json","period":24},"log":{"level":"info"},"javascript":{"ecma_version":2020},"request":{"timeout":5000},"global_apps":{"enabled":false},"easel":{"enabled":false}}"[0m
2023-10-30 11:49:25.571 +0530 [debug] ([34mfile.js[0m) [31mError while requiring /Users/saifas/.fdk/configs.json: Cannot find module '/Users/saifas/.fdk/configs.json'
Require stack:
- /usr/local/lib/node_modules/fdk/lib/utils/file.js
- /usr/local/lib/node_modules/fdk/lib/configs.js
- /usr/local/lib/node_modules/fdk/lib/logger.js
- /usr/local/lib/node_modules/fdk/index.js[0m
2023-10-30 11:49:25.571 +0530 [debug] ([34mconfigs.js[0m) [31mloaded global configs as "{}"[0m
2023-10-30 11:49:25.572 +0530 [debug] ([34mfile.js[0m) [31mError while requiring /Users/saifas/MyLab/freshworks-apps/global-app-features/local-simulation/.fdk/configs.json: Cannot find module '/Users/saifas/MyLab/freshworks-apps/global-app-features/local-simulation/.fdk/configs.json'
Require stack:
- /usr/local/lib/node_modules/fdk/lib/utils/file.js
- /usr/local/lib/node_modules/fdk/lib/configs.js
- /usr/local/lib/node_modules/fdk/lib/logger.js
- /usr/local/lib/node_modules/fdk/index.js[0m
2023-10-30 11:49:25.572 +0530 [debug] ([34mconfigs.js[0m) [31mloaded local configs as "{}"[0m
2023-10-30 11:49:25.572 +0530 [debug] ([34mconfigs.js[0m) [31mloaded env configs as "{"updates":{},"log":{},"javascript":{},"request":{"timeout":5000}}"[0m
2023-10-30 11:49:25.572 +0530 [debug] ([34mconfigs.js[0m) [31mloaded resolved configs as "{"updates":{"manifest_url":"https://cdn.freshdev.io/assets/fdk/pv3_updates.json","period":24},"log":{"level":"info"},"javascript":{"ecma_version":2020},"request":{"timeout":5000},"global_apps":{"enabled":false},"easel":{"enabled":false}}"[0m
2023-10-30 11:49:25.573 +0530 [debug] ([34mlogger.js[0m) [31mStarting FDK in node v18.16.1 on darwin[0m
2023-10-30 11:49:25.573 +0530 [debug] ([34msequelize.js[0m) [31msetting up sqilite at "/Users/saifas/MyLab/freshworks-apps/global-app-features/local-simulation/.fdk/store.sqlite"[0m
2023-10-30 11:49:25.573 +0530 [debug] ([34mdata.js[0m) [31mRead {"version_details":{"cli":{"deprecated":{"version":"<9","message":"This FDK version will be deprecated by September 30, 2023 There will be no further feature updates to this version. For a seamless app building experience, ensure to move to the latest FDK version. For more information, see https://developers.freshdesk.com/v2/docs/migration-overview/#latest_platform_version_migration."},"forced":{"version":"7.0.0","command":"npm install https://dl.freshdev.io/cli/fdk-7.0.0.tgz -g","message":"Your FDK version has been forced updated to v7.0.0, please visit https://community.developers.freshworks.com/t/fdk-v7-0-announcing-node-js-v12-and-es6-support/3606 to know more"},"latest":{"version":"9.1.0","command":"npm install https://cdn.freshdev.io/fdk/v9.1.0-internal.tgz -g","message":"You are on the latest FDK version. For information on the features available as part of this FDK version, see https://developers.freshworks.com/docs/?tab=modules."}},"addon":{"version":"2.0.0","url":"https://cdn.freshdev.io/assets/fdk/addons/addon-2.0.0.zip"}},"last_updated":{"time_stamp":1697611328576}}[0m
2023-10-30 11:49:25.574 +0530 [debug] ([34mupdater.js[0m) [31mlast check more than 24 hours ago, looking for updates again[0m
2023-10-30 11:49:26.700 +0530 [debug] ([34mupdater.js[0m) [31mdownloaded update manifest as {"cli":{"deprecated":{"version":"<9","message":"This FDK version will be deprecated by September 30, 2023 There will be no further feature updates to this version. For a seamless app building experience, ensure to move to the latest FDK version. For more information, see https://developers.freshdesk.com/v2/docs/migration-overview/#latest_platform_version_migration."},"forced":{"version":"7.0.0","command":"npm install https://dl.freshdev.io/cli/fdk-7.0.0.tgz -g","message":"Your FDK version has been forced updated to v7.0.0, please visit https://community.developers.freshworks.com/t/fdk-v7-0-announcing-node-js-v12-and-es6-support/3606 to know more"},"latest":{"version":"9.1.0","command":"npm install https://cdn.freshdev.io/fdk/v9.1.0-internal.tgz -g","message":"You are on the latest FDK version. For information on the features available as part of this FDK version, see https://developers.freshworks.com/docs/?tab=modules."}},"addon":{"version":"2.0.0","url":"https://cdn.freshdev.io/assets/fdk/addons/addon-2.0.0.zip"}}[0m
2023-10-30 11:49:32.851 +0530 [debug] ([34mconfigs.js[0m) [31mloaded default configs as "{"updates":{"manifest_url":"https://cdn.freshdev.io/assets/fdk/pv3_updates.json","period":24},"log":{"level":"info"},"javascript":{"ecma_version":2020},"request":{"timeout":5000},"global_apps":{"enabled":false},"easel":{"enabled":false}}"[0m
2023-10-30 11:49:32.854 +0530 [debug] ([34mfile.js[0m) [31mError while requiring /Users/saifas/.fdk/configs.json: Cannot find module '/Users/saifas/.fdk/configs.json'
Require stack:
- /usr/local/lib/node_modules/fdk/lib/utils/file.js
- /usr/local/lib/node_modules/fdk/lib/configs.js
- /usr/local/lib/node_modules/fdk/lib/logger.js
- /usr/local/lib/node_modules/fdk/index.js[0m
2023-10-30 11:49:32.855 +0530 [debug] ([34mconfigs.js[0m) [31mloaded global configs as "{}"[0m
2023-10-30 11:49:32.855 +0530 [debug] ([34mfile.js[0m) [31mError while requiring /Users/saifas/MyLab/freshworks-apps/global-app-features/local-simulation/.fdk/configs.json: Cannot find module '/Users/saifas/MyLab/freshworks-apps/global-app-features/local-simulation/.fdk/configs.json'
Require stack:
- /usr/local/lib/node_modules/fdk/lib/utils/file.js
- /usr/local/lib/node_modules/fdk/lib/configs.js
- /usr/local/lib/node_modules/fdk/lib/logger.js
- /usr/local/lib/node_modules/fdk/index.js[0m
2023-10-30 11:49:32.856 +0530 [debug] ([34mconfigs.js[0m) [31mloaded local configs as "{}"[0m
2023-10-30 11:49:32.856 +0530 [debug] ([34mconfigs.js[0m) [31mloaded env configs as "{"updates":{},"log":{},"javascript":{},"request":{"timeout":5000}}"[0m
2023-10-30 11:49:32.856 +0530 [debug] ([34mconfigs.js[0m) [31mloaded resolved configs as "{"updates":{"manifest_url":"https://cdn.freshdev.io/assets/fdk/pv3_updates.json","period":24},"log":{"level":"info"},"javascript":{"ecma_version":2020},"request":{"timeout":5000},"global_apps":{"enabled":false},"easel":{"enabled":false}}"[0m
2023-10-30 11:49:32.856 +0530 [debug] ([34mlogger.js[0m) [31mStarting FDK in node v18.16.1 on darwin[0m
2023-10-30 11:49:32.857 +0530 [debug] ([34msequelize.js[0m) [31msetting up sqilite at "/Users/saifas/MyLab/freshworks-apps/global-app-features/local-simulation/.fdk/store.sqlite"[0m
2023-10-30 11:49:32.857 +0530 [debug] ([34mdata.js[0m) [31mRead {"version_details":{"cli":{"deprecated":{"version":"<9","message":"This FDK version will be deprecated by September 30, 2023 There will be no further feature updates to this version. For a seamless app building experience, ensure to move to the latest FDK version. For more information, see https://developers.freshdesk.com/v2/docs/migration-overview/#latest_platform_version_migration."},"forced":{"version":"7.0.0","command":"npm install https://dl.freshdev.io/cli/fdk-7.0.0.tgz -g","message":"Your FDK version has been forced updated to v7.0.0, please visit https://community.developers.freshworks.com/t/fdk-v7-0-announcing-node-js-v12-and-es6-support/3606 to know more"},"latest":{"version":"9.1.0","command":"npm install https://cdn.freshdev.io/fdk/v9.1.0-internal.tgz -g","message":"You are on the latest FDK version. For information on the features available as part of this FDK version, see https://developers.freshworks.com/docs/?tab=modules."}},"addon":{"version":"2.0.0","url":"https://cdn.freshdev.io/assets/fdk/addons/addon-2.0.0.zip"}},"last_updated":{"time_stamp":1698646766702}}[0m
2023-10-30 11:49:32.857 +0530 [debug] ([34mupdater.js[0m) [31mlast check less than 24 hours ago, not looking for updates[0m
2023-10-30 11:49:32.864 +0530 [debug] ([34mindex.js[0m) [31mrunning with opts {}[0m
2023-10-30 11:49:32.884 +0530 [debug] ([34mdata.js[0m) [31mRead {"version_details":{"cli":{"deprecated":{"version":"<9","message":"This FDK version will be deprecated by September 30, 2023 There will be no further feature updates to this version. For a seamless app building experience, ensure to move to the latest FDK version. For more information, see https://developers.freshdesk.com/v2/docs/migration-overview/#latest_platform_version_migration."},"forced":{"version":"7.0.0","command":"npm install https://dl.freshdev.io/cli/fdk-7.0.0.tgz -g","message":"Your FDK version has been forced updated to v7.0.0, please visit https://community.developers.freshworks.com/t/fdk-v7-0-announcing-node-js-v12-and-es6-support/3606 to know more"},"latest":{"version":"9.1.0","command":"npm install https://cdn.freshdev.io/fdk/v9.1.0-internal.tgz -g","message":"You are on the latest FDK version. For information on the features available as part of this FDK version, see https://developers.freshworks.com/docs/?tab=modules."}},"addon":{"version":"2.0.0","url":"https://cdn.freshdev.io/assets/fdk/addons/addon-2.0.0.zip"}},"last_updated":{"time_stamp":1698646766702}}[0m
2023-10-30 11:49:32.900 +0530 [debug] ([34mcreate.js[0m) [31m'init' called with /Users/saifas/MyLab/freshworks-apps/global-app-features/local-simulation, undefined, undefined[0m
2023-10-30 12:52:08.701 +0530 [debug] ([34mconfigs.js[0m) [31mloaded default configs as "{"updates":{"manifest_url":"https://cdn.freshdev.io/assets/fdk/pv3_updates.json","period":24},"log":{"level":"info"},"javascript":{"ecma_version":2020},"request":{"timeout":5000},"global_apps":{"enabled":false},"easel":{"enabled":false}}"[0m
2023-10-30 12:52:08.706 +0530 [debug] ([34mfile.js[0m) [31mError while requiring /Users/saifas/.fdk/configs.json: Cannot find module '/Users/saifas/.fdk/configs.json'
Require stack:
- /usr/local/lib/node_modules/fdk/lib/utils/file.js
- /usr/local/lib/node_modules/fdk/lib/configs.js
- /usr/local/lib/node_modules/fdk/lib/logger.js
- /usr/local/lib/node_modules/fdk/index.js[0m
2023-10-30 12:52:08.706 +0530 [debug] ([34mconfigs.js[0m) [31mloaded global configs as "{}"[0m
2023-10-30 12:52:08.707 +0530 [debug] ([34mfile.js[0m) [31mError while requiring /Users/saifas/MyLab/freshworks-apps/global-app-features/local-simulation/.fdk/configs.json: Cannot find module '/Users/saifas/MyLab/freshworks-apps/global-app-features/local-simulation/.fdk/configs.json'
Require stack:
- /usr/local/lib/node_modules/fdk/lib/utils/file.js
- /usr/local/lib/node_modules/fdk/lib/configs.js
- /usr/local/lib/node_modules/fdk/lib/logger.js
- /usr/local/lib/node_modules/fdk/index.js[0m
2023-10-30 12:52:08.707 +0530 [debug] ([34mconfigs.js[0m) [31mloaded local configs as "{}"[0m
2023-10-30 12:52:08.707 +0530 [debug] ([34mconfigs.js[0m) [31mloaded env configs as "{"updates":{},"log":{},"javascript":{},"request":{"timeout":5000}}"[0m
2023-10-30 12:52:08.707 +0530 [debug] ([34mconfigs.js[0m) [31mloaded resolved configs as "{"updates":{"manifest_url":"https://cdn.freshdev.io/assets/fdk/pv3_updates.json","period":24},"log":{"level":"info"},"javascript":{"ecma_version":2020},"request":{"timeout":5000},"global_apps":{"enabled":false},"easel":{"enabled":false}}"[0m
2023-10-30 12:52:08.707 +0530 [debug] ([34mlogger.js[0m) [31mStarting FDK in node v18.16.1 on darwin[0m
2023-10-30 12:52:08.708 +0530 [debug] ([34msequelize.js[0m) [31msetting up sqilite at "/Users/saifas/MyLab/freshworks-apps/global-app-features/local-simulation/.fdk/store.sqlite"[0m
2023-10-30 12:52:08.708 +0530 [debug] ([34mdata.js[0m) [31mRead {"version_details":{"cli":{"deprecated":{"version":"<9","message":"This FDK version will be deprecated by September 30, 2023 There will be no further feature updates to this version. For a seamless app building experience, ensure to move to the latest FDK version. For more information, see https://developers.freshdesk.com/v2/docs/migration-overview/#latest_platform_version_migration."},"forced":{"version":"7.0.0","command":"npm install https://dl.freshdev.io/cli/fdk-7.0.0.tgz -g","message":"Your FDK version has been forced updated to v7.0.0, please visit https://community.developers.freshworks.com/t/fdk-v7-0-announcing-node-js-v12-and-es6-support/3606 to know more"},"latest":{"version":"9.1.0","command":"npm install https://cdn.freshdev.io/fdk/v9.1.0-internal.tgz -g","message":"You are on the latest FDK version. For information on the features available as part of this FDK version, see https://developers.freshworks.com/docs/?tab=modules."}},"addon":{"version":"2.0.0","url":"https://cdn.freshdev.io/assets/fdk/addons/addon-2.0.0.zip"}},"last_updated":{"time_stamp":1698646766702}}[0m
2023-10-30 12:52:08.708 +0530 [debug] ([34mupdater.js[0m) [31mlast check less than 24 hours ago, not looking for updates[0m
2023-10-30 12:52:08.713 +0530 [debug] ([34mindex.js[0m) [31mrunning with opts {}[0m
2023-10-30 12:52:08.716 +0530 [debug] ([34mconfig.js[0m) [31m'config set' called with global_apps.enabled, true, {"scope":"local"}[0m
2023-10-30 12:52:08.716 +0530 [debug] ([34mfile.js[0m) [31mError while requiring /Users/saifas/MyLab/freshworks-apps/global-app-features/local-simulation/.fdk/configs.json: Cannot find module '/Users/saifas/MyLab/freshworks-apps/global-app-features/local-simulation/.fdk/configs.json'
Require stack:
- /usr/local/lib/node_modules/fdk/lib/utils/file.js
- /usr/local/lib/node_modules/fdk/lib/configs.js
- /usr/local/lib/node_modules/fdk/lib/logger.js
- /usr/local/lib/node_modules/fdk/index.js[0m
2023-10-30 12:52:08.719 +0530 [info] Config global_apps.enabled was set to value "true" successfully
2023-10-30 12:52:16.115 +0530 [debug] ([34mconfigs.js[0m) [31mloaded default configs as "{"updates":{"manifest_url":"https://cdn.freshdev.io/assets/fdk/pv3_updates.json","period":24},"log":{"level":"info"},"javascript":{"ecma_version":2020},"request":{"timeout":5000},"global_apps":{"enabled":false},"easel":{"enabled":false}}"[0m
2023-10-30 12:52:16.117 +0530 [debug] ([34mfile.js[0m) [31mError while requiring /Users/saifas/.fdk/configs.json: Cannot find module '/Users/saifas/.fdk/configs.json'
Require stack:
- /usr/local/lib/node_modules/fdk/lib/utils/file.js
- /usr/local/lib/node_modules/fdk/lib/configs.js
- /usr/local/lib/node_modules/fdk/lib/logger.js
- /usr/local/lib/node_modules/fdk/index.js[0m
2023-10-30 12:52:16.117 +0530 [debug] ([34mconfigs.js[0m) [31mloaded global configs as "{}"[0m
2023-10-30 12:52:16.117 +0530 [debug] ([34mconfigs.js[0m) [31mloaded local configs as "{"global_apps":{"enabled":"true"}}"[0m
2023-10-30 12:52:16.118 +0530 [debug] ([34mconfigs.js[0m) [31mloaded env configs as "{"updates":{},"log":{},"javascript":{},"request":{"timeout":5000}}"[0m
2023-10-30 12:52:16.118 +0530 [debug] ([34mconfigs.js[0m) [31mloaded resolved configs as "{"updates":{"manifest_url":"https://cdn.freshdev.io/assets/fdk/pv3_updates.json","period":24},"log":{"level":"info"},"javascript":{"ecma_version":2020},"request":{"timeout":5000},"global_apps":{"enabled":"true"},"easel":{"enabled":false}}"[0m
2023-10-30 12:52:16.118 +0530 [debug] ([34mlogger.js[0m) [31mStarting FDK in node v18.16.1 on darwin[0m
2023-10-30 12:52:16.118 +0530 [debug] ([34msequelize.js[0m) [31msetting up sqilite at "/Users/saifas/MyLab/freshworks-apps/global-app-features/local-simulation/.fdk/store.sqlite"[0m
2023-10-30 12:52:16.118 +0530 [debug] ([34mdata.js[0m) [31mRead {"version_details":{"cli":{"deprecated":{"version":"<9","message":"This FDK version will be deprecated by September 30, 2023 There will be no further feature updates to this version. For a seamless app building experience, ensure to move to the latest FDK version. For more information, see https://developers.freshdesk.com/v2/docs/migration-overview/#latest_platform_version_migration."},"forced":{"version":"7.0.0","command":"npm install https://dl.freshdev.io/cli/fdk-7.0.0.tgz -g","message":"Your FDK version has been forced updated to v7.0.0, please visit https://community.developers.freshworks.com/t/fdk-v7-0-announcing-node-js-v12-and-es6-support/3606 to know more"},"latest":{"version":"9.1.0","command":"npm install https://cdn.freshdev.io/fdk/v9.1.0-internal.tgz -g","message":"You are on the latest FDK version. For information on the features available as part of this FDK version, see https://developers.freshworks.com/docs/?tab=modules."}},"addon":{"version":"2.0.0","url":"https://cdn.freshdev.io/assets/fdk/addons/addon-2.0.0.zip"}},"last_updated":{"time_stamp":1698646766702}}[0m
2023-10-30 12:52:16.119 +0530 [debug] ([34mupdater.js[0m) [31mlast check less than 24 hours ago, not looking for updates[0m
2023-10-30 12:52:16.123 +0530 [debug] ([34mindex.js[0m) [31mrunning with opts {}[0m
2023-10-30 12:52:16.135 +0530 [debug] ([34mdata.js[0m) [31mRead {"version_details":{"cli":{"deprecated":{"version":"<9","message":"This FDK version will be deprecated by September 30, 2023 There will be no further feature updates to this version. For a seamless app building experience, ensure to move to the latest FDK version. For more information, see https://developers.freshdesk.com/v2/docs/migration-overview/#latest_platform_version_migration."},"forced":{"version":"7.0.0","command":"npm install https://dl.freshdev.io/cli/fdk-7.0.0.tgz -g","message":"Your FDK version has been forced updated to v7.0.0, please visit https://community.developers.freshworks.com/t/fdk-v7-0-announcing-node-js-v12-and-es6-support/3606 to know more"},"latest":{"version":"9.1.0","command":"npm install https://cdn.freshdev.io/fdk/v9.1.0-internal.tgz -g","message":"You are on the latest FDK version. For information on the features available as part of this FDK version, see https://developers.freshworks.com/docs/?tab=modules."}},"addon":{"version":"2.0.0","url":"https://cdn.freshdev.io/assets/fdk/addons/addon-2.0.0.zip"}},"last_updated":{"time_stamp":1698646766702}}[0m
2023-10-30 12:52:16.146 +0530 [debug] ([34mcreate.js[0m) [31m'init' called with /Users/saifas/MyLab/freshworks-apps/global-app-features/local-simulation, undefined, undefined[0m
2023-10-30 12:52:19.739 +0530 [debug] ([34mcreate.js[0m) [31mInitializing template "common-starter-template" for "modules".[0m
2023-10-30 12:52:19.752 +0530 [info] A new Global app was successfully created from template "common-starter-template" with the following files.

2023-10-30 12:54:41.087 +0530 [debug] ([34mconfigs.js[0m) [31mloaded default configs as "{"updates":{"manifest_url":"https://cdn.freshdev.io/assets/fdk/pv3_updates.json","period":24},"log":{"level":"info"},"javascript":{"ecma_version":2020},"request":{"timeout":5000},"global_apps":{"enabled":false},"easel":{"enabled":false}}"[0m
2023-10-30 12:54:41.089 +0530 [debug] ([34mfile.js[0m) [31mError while requiring /Users/saifas/.fdk/configs.json: Cannot find module '/Users/saifas/.fdk/configs.json'
Require stack:
- /usr/local/lib/node_modules/fdk/lib/utils/file.js
- /usr/local/lib/node_modules/fdk/lib/configs.js
- /usr/local/lib/node_modules/fdk/lib/logger.js
- /usr/local/lib/node_modules/fdk/index.js[0m
2023-10-30 12:54:41.090 +0530 [debug] ([34mconfigs.js[0m) [31mloaded global configs as "{}"[0m
2023-10-30 12:54:41.090 +0530 [debug] ([34mconfigs.js[0m) [31mloaded local configs as "{"global_apps":{"enabled":"true"}}"[0m
2023-10-30 12:54:41.090 +0530 [debug] ([34mconfigs.js[0m) [31mloaded env configs as "{"updates":{},"log":{},"javascript":{},"request":{"timeout":5000}}"[0m
2023-10-30 12:54:41.090 +0530 [debug] ([34mconfigs.js[0m) [31mloaded resolved configs as "{"updates":{"manifest_url":"https://cdn.freshdev.io/assets/fdk/pv3_updates.json","period":24},"log":{"level":"info"},"javascript":{"ecma_version":2020},"request":{"timeout":5000},"global_apps":{"enabled":"true"},"easel":{"enabled":false}}"[0m
2023-10-30 12:54:41.090 +0530 [debug] ([34mlogger.js[0m) [31mStarting FDK in node v18.16.1 on darwin[0m
2023-10-30 12:54:41.091 +0530 [debug] ([34msequelize.js[0m) [31msetting up sqilite at "/Users/saifas/MyLab/freshworks-apps/global-app-features/local-simulation/.fdk/store.sqlite"[0m
2023-10-30 12:54:41.091 +0530 [debug] ([34mdata.js[0m) [31mRead {"version_details":{"cli":{"deprecated":{"version":"<9","message":"This FDK version will be deprecated by September 30, 2023 There will be no further feature updates to this version. For a seamless app building experience, ensure to move to the latest FDK version. For more information, see https://developers.freshdesk.com/v2/docs/migration-overview/#latest_platform_version_migration."},"forced":{"version":"7.0.0","command":"npm install https://dl.freshdev.io/cli/fdk-7.0.0.tgz -g","message":"Your FDK version has been forced updated to v7.0.0, please visit https://community.developers.freshworks.com/t/fdk-v7-0-announcing-node-js-v12-and-es6-support/3606 to know more"},"latest":{"version":"9.1.0","command":"npm install https://cdn.freshdev.io/fdk/v9.1.0-internal.tgz -g","message":"You are on the latest FDK version. For information on the features available as part of this FDK version, see https://developers.freshworks.com/docs/?tab=modules."}},"addon":{"version":"2.0.0","url":"https://cdn.freshdev.io/assets/fdk/addons/addon-2.0.0.zip"}},"last_updated":{"time_stamp":1698646766702}}[0m
2023-10-30 12:54:41.091 +0530 [debug] ([34mupdater.js[0m) [31mlast check less than 24 hours ago, not looking for updates[0m
2023-10-30 12:54:41.095 +0530 [debug] ([34mindex.js[0m) [31mrunning with opts {}[0m
2023-10-30 12:54:41.424 +0530 [debug] ([34mdata.js[0m) [31mRead {"version_details":{"cli":{"deprecated":{"version":"<9","message":"This FDK version will be deprecated by September 30, 2023 There will be no further feature updates to this version. For a seamless app building experience, ensure to move to the latest FDK version. For more information, see https://developers.freshdesk.com/v2/docs/migration-overview/#latest_platform_version_migration."},"forced":{"version":"7.0.0","command":"npm install https://dl.freshdev.io/cli/fdk-7.0.0.tgz -g","message":"Your FDK version has been forced updated to v7.0.0, please visit https://community.developers.freshworks.com/t/fdk-v7-0-announcing-node-js-v12-and-es6-support/3606 to know more"},"latest":{"version":"9.1.0","command":"npm install https://cdn.freshdev.io/fdk/v9.1.0-internal.tgz -g","message":"You are on the latest FDK version. For information on the features available as part of this FDK version, see https://developers.freshworks.com/docs/?tab=modules."}},"addon":{"version":"2.0.0","url":"https://cdn.freshdev.io/assets/fdk/addons/addon-2.0.0.zip"}},"last_updated":{"time_stamp":1698646766702}}[0m
2023-10-30 12:54:41.430 +0530 [debug] ([34mmanifest.js[0m) [31mReloading manifest with {"platform-version":"3.0","modules":{"common":{"location":{"full_page_app":{"url":"index.html","icon":"styles/images/icon.svg"}},"requests":{}},"support_ticket":{}},"engines":{"node":"18.16.1","fdk":"9.1.0"}}.[0m
2023-10-30 12:54:41.430 +0530 [debug] ([34mmanifest.js[0m) [31mInferred db as features.[0m
2023-10-30 12:54:41.451 +0530 [debug] ([34mdata.js[0m) [31mRead {"version_details":{"cli":{"deprecated":{"version":"<9","message":"This FDK version will be deprecated by September 30, 2023 There will be no further feature updates to this version. For a seamless app building experience, ensure to move to the latest FDK version. For more information, see https://developers.freshdesk.com/v2/docs/migration-overview/#latest_platform_version_migration."},"forced":{"version":"7.0.0","command":"npm install https://dl.freshdev.io/cli/fdk-7.0.0.tgz -g","message":"Your FDK version has been forced updated to v7.0.0, please visit https://community.developers.freshworks.com/t/fdk-v7-0-announcing-node-js-v12-and-es6-support/3606 to know more"},"latest":{"version":"9.1.0","command":"npm install https://cdn.freshdev.io/fdk/v9.1.0-internal.tgz -g","message":"You are on the latest FDK version. For information on the features available as part of this FDK version, see https://developers.freshworks.com/docs/?tab=modules."}},"addon":{"version":"2.0.0","url":"https://cdn.freshdev.io/assets/fdk/addons/addon-2.0.0.zip"}},"last_updated":{"time_stamp":1698646766702}}[0m
2023-10-30 12:54:41.755 +0530 [debug] ([34mfile.js[0m) [31mError while requiring /Users/saifas/MyLab/freshworks-apps/global-app-features/local-simulation/.report.json: Cannot find module '/Users/saifas/MyLab/freshworks-apps/global-app-features/local-simulation/.report.json'
Require stack:
- /usr/local/lib/node_modules/fdk/lib/utils/file.js
- /usr/local/lib/node_modules/fdk/lib/configs.js
- /usr/local/lib/node_modules/fdk/lib/logger.js
- /usr/local/lib/node_modules/fdk/index.js[0m
2023-10-30 12:54:42.983 +0530 [debug] ([34mdata.js[0m) [31mRead {"version_details":{"cli":{"deprecated":{"version":"<9","message":"This FDK version will be deprecated by September 30, 2023 There will be no further feature updates to this version. For a seamless app building experience, ensure to move to the latest FDK version. For more information, see https://developers.freshdesk.com/v2/docs/migration-overview/#latest_platform_version_migration."},"forced":{"version":"7.0.0","command":"npm install https://dl.freshdev.io/cli/fdk-7.0.0.tgz -g","message":"Your FDK version has been forced updated to v7.0.0, please visit https://community.developers.freshworks.com/t/fdk-v7-0-announcing-node-js-v12-and-es6-support/3606 to know more"},"latest":{"version":"9.1.0","command":"npm install https://cdn.freshdev.io/fdk/v9.1.0-internal.tgz -g","message":"You are on the latest FDK version. For information on the features available as part of this FDK version, see https://developers.freshworks.com/docs/?tab=modules."}},"addon":{"version":"2.0.0","url":"https://cdn.freshdev.io/assets/fdk/addons/addon-2.0.0.zip"}},"last_updated":{"time_stamp":1698646766702}}[0m
2023-10-30 12:54:44.079 +0530 [debug] ([34mvalidate.js[0m) [31masked to skip the following validations, [0m
2023-10-30 12:54:44.080 +0530 [debug] ([34mvalidate.js[0m) [31mrunning validator actions[0m
2023-10-30 12:54:44.080 +0530 [debug] ([34mvalidate.js[0m) [31mrunning validator requests[0m
2023-10-30 12:54:44.080 +0530 [debug] ([34mvalidate.js[0m) [31mrunning validator app-dir[0m
2023-10-30 12:54:44.081 +0530 [debug] ([34mvalidate.js[0m) [31mrunning validator config-dir[0m
2023-10-30 12:54:44.081 +0530 [debug] ([34mconfig-dir.js[0m) [31mChecking to see if /Users/saifas/MyLab/freshworks-apps/global-app-features/local-simulation/config/ exists.[0m
2023-10-30 12:54:44.082 +0530 [debug] ([34mconfig-dir.js[0m) [31mFetched the following config files iparams.json[0m
2023-10-30 12:54:44.082 +0530 [debug] ([34mvalidate.js[0m) [31mrunning validator custom-objects[0m
2023-10-30 12:54:44.082 +0530 [debug] ([34mvalidate.js[0m) [31mrunning validator event[0m
2023-10-30 12:54:44.082 +0530 [debug] ([34mvalidate.js[0m) [31mrunning validator iparam[0m
2023-10-30 12:54:44.085 +0530 [debug] ([34mvalidate.js[0m) [31mrunning validator lint[0m
2023-10-30 12:54:44.085 +0530 [debug] ([34mlint.js[0m) [31mpassed fix flag: undefined[0m
2023-10-30 12:54:44.087 +0530 [debug] ([34mlint.js[0m) [31mRunning the following lints on the file app/scripts/app.js : no-caller,no-process-env,complexity,max-nested-callbacks,handle-callback-err,no-eval,no-alert,no-debugger,no-unreachable,no-unhandled-promise,no-logging-rejections,no-non-client-request-model,no-deprecated-apis,no-proxy-requests,no-cross-scope-assign,no-empty-function,no-unused-vars[0m
2023-10-30 12:54:44.136 +0530 [debug] ([34mvalidate.js[0m) [31mrunning validator manifest[0m
2023-10-30 12:54:44.136 +0530 [debug] ([34mvalidate.js[0m) [31mskipping validator manifest-dependency[0m
2023-10-30 12:54:44.136 +0530 [debug] ([34mvalidate.js[0m) [31mrunning validator oauth[0m
2023-10-30 12:54:44.137 +0530 [debug] ([34mvalidate.js[0m) [31mskipping validator pkgsize[0m
2023-10-30 12:54:44.137 +0530 [debug] ([34mvalidate.js[0m) [31mrunning validator schema[0m
2023-10-30 12:54:44.137 +0530 [debug] ([34mvalidate.js[0m) [31mrunning validator version-check[0m
2023-10-30 12:54:44.142 +0530 [warn] Please ensure that the following are addressed for quick review process:
2023-10-30 12:54:44.143 +0530 [warn] [33m⚠[39m app/scripts/app.js::6: 'client' declared and assigned in different scopes. Possible asynchronous race condition.
2023-10-30 12:54:44.143 +0530 [error] 
2023-10-30 12:54:44.144 +0530 [debug] ([34mwatcher.js[0m) [31mPreparing to watch the following files ./app,./config,./manifest.json[0m
2023-10-30 12:54:44.149 +0530 [debug] ([34mdata.js[0m) [31mRead {}[0m
2023-10-30 12:54:44.149 +0530 [debug] ([34mcustom-objects.js[0m) [31mto force or not? undefined[0m
2023-10-30 12:54:44.149 +0530 [debug] ([34mcustom-objects.js[0m) [31mbeginning to re-sync db[0m
2023-10-30 12:54:44.304 +0530 [debug] ([34mindex.js[0m) [31mloading model at "/usr/local/lib/node_modules/fdk/lib/models/bigint-pivot.js"[0m
2023-10-30 12:54:44.306 +0530 [debug] ([34mindex.js[0m) [31mloading model at "/usr/local/lib/node_modules/fdk/lib/models/entity-field-choice.js"[0m
2023-10-30 12:54:44.307 +0530 [debug] ([34mindex.js[0m) [31mloading model at "/usr/local/lib/node_modules/fdk/lib/models/entity-field.js"[0m
2023-10-30 12:54:44.308 +0530 [debug] ([34mindex.js[0m) [31mloading model at "/usr/local/lib/node_modules/fdk/lib/models/entity.js"[0m
2023-10-30 12:54:44.309 +0530 [debug] ([34mindex.js[0m) [31mloading model at "/usr/local/lib/node_modules/fdk/lib/models/record.js"[0m
2023-10-30 12:54:44.311 +0530 [debug] ([34mindex.js[0m) [31mloading model at "/usr/local/lib/node_modules/fdk/lib/models/string-pivot.js"[0m
2023-10-30 12:54:44.330 +0530 [debug] ([34mdata.js[0m) [31mRead {}[0m
2023-10-30 12:54:44.331 +0530 [debug] ([34mcustom-objects.js[0m) [31mupdated local store with latest entity hash[0m
2023-10-30 12:54:44.331 +0530 [info] Starting local testing server at http://*:10001/    
Append 'dev=true' to your current host URL to start testing    
     
e.g:     
2023-10-30 12:54:44.331 +0530 [info]   https://domain.freshdesk.com/a/tickets/1?dev=true
2023-10-30 12:54:44.331 +0530 [info] 
Quit the server with Control-C.
2023-10-30 13:03:40.875 +0530 [debug] ([34mconfigs.js[0m) [31mloaded default configs as "{"updates":{"manifest_url":"https://cdn.freshdev.io/assets/fdk/pv3_updates.json","period":24},"log":{"level":"info"},"javascript":{"ecma_version":2020},"request":{"timeout":5000},"global_apps":{"enabled":false},"easel":{"enabled":false}}"[0m
2023-10-30 13:03:40.880 +0530 [debug] ([34mfile.js[0m) [31mError while requiring /Users/saifas/.fdk/configs.json: Cannot find module '/Users/saifas/.fdk/configs.json'
Require stack:
- /usr/local/lib/node_modules/fdk/lib/utils/file.js
- /usr/local/lib/node_modules/fdk/lib/configs.js
- /usr/local/lib/node_modules/fdk/lib/logger.js
- /usr/local/lib/node_modules/fdk/index.js[0m
2023-10-30 13:03:40.881 +0530 [debug] ([34mconfigs.js[0m) [31mloaded global configs as "{}"[0m
2023-10-30 13:03:40.881 +0530 [debug] ([34mconfigs.js[0m) [31mloaded local configs as "{"global_apps":{"enabled":"true"}}"[0m
2023-10-30 13:03:40.881 +0530 [debug] ([34mconfigs.js[0m) [31mloaded env configs as "{"updates":{},"log":{},"javascript":{},"request":{"timeout":5000}}"[0m
2023-10-30 13:03:40.882 +0530 [debug] ([34mconfigs.js[0m) [31mloaded resolved configs as "{"updates":{"manifest_url":"https://cdn.freshdev.io/assets/fdk/pv3_updates.json","period":24},"log":{"level":"info"},"javascript":{"ecma_version":2020},"request":{"timeout":5000},"global_apps":{"enabled":"true"},"easel":{"enabled":false}}"[0m
2023-10-30 13:03:40.882 +0530 [debug] ([34mlogger.js[0m) [31mStarting FDK in node v18.16.1 on darwin[0m
2023-10-30 13:03:40.882 +0530 [debug] ([34msequelize.js[0m) [31msetting up sqilite at "/Users/saifas/MyLab/freshworks-apps/global-app-features/local-simulation/.fdk/store.sqlite"[0m
2023-10-30 13:03:40.882 +0530 [debug] ([34mdata.js[0m) [31mRead {"version_details":{"cli":{"deprecated":{"version":"<9","message":"This FDK version will be deprecated by September 30, 2023 There will be no further feature updates to this version. For a seamless app building experience, ensure to move to the latest FDK version. For more information, see https://developers.freshdesk.com/v2/docs/migration-overview/#latest_platform_version_migration."},"forced":{"version":"7.0.0","command":"npm install https://dl.freshdev.io/cli/fdk-7.0.0.tgz -g","message":"Your FDK version has been forced updated to v7.0.0, please visit https://community.developers.freshworks.com/t/fdk-v7-0-announcing-node-js-v12-and-es6-support/3606 to know more"},"latest":{"version":"9.1.0","command":"npm install https://cdn.freshdev.io/fdk/v9.1.0-internal.tgz -g","message":"You are on the latest FDK version. For information on the features available as part of this FDK version, see https://developers.freshworks.com/docs/?tab=modules."}},"addon":{"version":"2.0.0","url":"https://cdn.freshdev.io/assets/fdk/addons/addon-2.0.0.zip"}},"last_updated":{"time_stamp":1698646766702}}[0m
2023-10-30 13:03:40.882 +0530 [debug] ([34mupdater.js[0m) [31mlast check less than 24 hours ago, not looking for updates[0m
2023-10-30 13:03:40.888 +0530 [debug] ([34mindex.js[0m) [31mrunning with opts {}[0m
2023-10-30 13:03:41.172 +0530 [debug] ([34mdata.js[0m) [31mRead {"version_details":{"cli":{"deprecated":{"version":"<9","message":"This FDK version will be deprecated by September 30, 2023 There will be no further feature updates to this version. For a seamless app building experience, ensure to move to the latest FDK version. For more information, see https://developers.freshdesk.com/v2/docs/migration-overview/#latest_platform_version_migration."},"forced":{"version":"7.0.0","command":"npm install https://dl.freshdev.io/cli/fdk-7.0.0.tgz -g","message":"Your FDK version has been forced updated to v7.0.0, please visit https://community.developers.freshworks.com/t/fdk-v7-0-announcing-node-js-v12-and-es6-support/3606 to know more"},"latest":{"version":"9.1.0","command":"npm install https://cdn.freshdev.io/fdk/v9.1.0-internal.tgz -g","message":"You are on the latest FDK version. For information on the features available as part of this FDK version, see https://developers.freshworks.com/docs/?tab=modules."}},"addon":{"version":"2.0.0","url":"https://cdn.freshdev.io/assets/fdk/addons/addon-2.0.0.zip"}},"last_updated":{"time_stamp":1698646766702}}[0m
2023-10-30 13:03:41.176 +0530 [debug] ([34mmanifest.js[0m) [31mReloading manifest with {"platform-version":"3.0","modules":{"common":{"location":{"full_page_app":{"url":"index.html","icon":"styles/images/icon.svg"}},"requests":{}},"support_ticket":{"location":{"ticket_sidebar":{"url":"index.html","icon":"styles/images/icon.svg"}}},"service_ticket":{"location":{"ticket_sidebar":{"url":"index.html","icon":"styles/images/icon.svg"}}}},"engines":{"node":"18.16.1","fdk":"9.1.0"}}.[0m
2023-10-30 13:03:41.177 +0530 [debug] ([34mmanifest.js[0m) [31mInferred db as features.[0m
2023-10-30 13:03:41.199 +0530 [debug] ([34mdata.js[0m) [31mRead {"version_details":{"cli":{"deprecated":{"version":"<9","message":"This FDK version will be deprecated by September 30, 2023 There will be no further feature updates to this version. For a seamless app building experience, ensure to move to the latest FDK version. For more information, see https://developers.freshdesk.com/v2/docs/migration-overview/#latest_platform_version_migration."},"forced":{"version":"7.0.0","command":"npm install https://dl.freshdev.io/cli/fdk-7.0.0.tgz -g","message":"Your FDK version has been forced updated to v7.0.0, please visit https://community.developers.freshworks.com/t/fdk-v7-0-announcing-node-js-v12-and-es6-support/3606 to know more"},"latest":{"version":"9.1.0","command":"npm install https://cdn.freshdev.io/fdk/v9.1.0-internal.tgz -g","message":"You are on the latest FDK version. For information on the features available as part of this FDK version, see https://developers.freshworks.com/docs/?tab=modules."}},"addon":{"version":"2.0.0","url":"https://cdn.freshdev.io/assets/fdk/addons/addon-2.0.0.zip"}},"last_updated":{"time_stamp":1698646766702}}[0m
2023-10-30 13:03:42.711 +0530 [debug] ([34mdata.js[0m) [31mRead {"version_details":{"cli":{"deprecated":{"version":"<9","message":"This FDK version will be deprecated by September 30, 2023 There will be no further feature updates to this version. For a seamless app building experience, ensure to move to the latest FDK version. For more information, see https://developers.freshdesk.com/v2/docs/migration-overview/#latest_platform_version_migration."},"forced":{"version":"7.0.0","command":"npm install https://dl.freshdev.io/cli/fdk-7.0.0.tgz -g","message":"Your FDK version has been forced updated to v7.0.0, please visit https://community.developers.freshworks.com/t/fdk-v7-0-announcing-node-js-v12-and-es6-support/3606 to know more"},"latest":{"version":"9.1.0","command":"npm install https://cdn.freshdev.io/fdk/v9.1.0-internal.tgz -g","message":"You are on the latest FDK version. For information on the features available as part of this FDK version, see https://developers.freshworks.com/docs/?tab=modules."}},"addon":{"version":"2.0.0","url":"https://cdn.freshdev.io/assets/fdk/addons/addon-2.0.0.zip"}},"last_updated":{"time_stamp":1698646766702}}[0m
2023-10-30 13:03:43.786 +0530 [debug] ([34mvalidate.js[0m) [31masked to skip the following validations, [0m
2023-10-30 13:03:43.786 +0530 [debug] ([34mvalidate.js[0m) [31mrunning validator actions[0m
2023-10-30 13:03:43.786 +0530 [debug] ([34mvalidate.js[0m) [31mrunning validator requests[0m
2023-10-30 13:03:43.787 +0530 [debug] ([34mvalidate.js[0m) [31mrunning validator app-dir[0m
2023-10-30 13:03:43.788 +0530 [debug] ([34mvalidate.js[0m) [31mrunning validator config-dir[0m
2023-10-30 13:03:43.788 +0530 [debug] ([34mconfig-dir.js[0m) [31mChecking to see if /Users/saifas/MyLab/freshworks-apps/global-app-features/local-simulation/config/ exists.[0m
2023-10-30 13:03:43.788 +0530 [debug] ([34mconfig-dir.js[0m) [31mFetched the following config files iparams.json[0m
2023-10-30 13:03:43.789 +0530 [debug] ([34mvalidate.js[0m) [31mrunning validator custom-objects[0m
2023-10-30 13:03:43.789 +0530 [debug] ([34mvalidate.js[0m) [31mrunning validator event[0m
2023-10-30 13:03:43.789 +0530 [debug] ([34mvalidate.js[0m) [31mrunning validator iparam[0m
2023-10-30 13:03:43.792 +0530 [debug] ([34mvalidate.js[0m) [31mrunning validator lint[0m
2023-10-30 13:03:43.792 +0530 [debug] ([34mlint.js[0m) [31mpassed fix flag: undefined[0m
2023-10-30 13:03:43.795 +0530 [debug] ([34mlint.js[0m) [31mRunning the following lints on the file app/scripts/app.js : no-caller,no-process-env,complexity,max-nested-callbacks,handle-callback-err,no-eval,no-alert,no-debugger,no-unreachable,no-unhandled-promise,no-logging-rejections,no-non-client-request-model,no-deprecated-apis,no-proxy-requests,no-cross-scope-assign[0m
2023-10-30 13:03:43.830 +0530 [debug] ([34mvalidate.js[0m) [31mrunning validator manifest[0m
2023-10-30 13:03:43.830 +0530 [debug] ([34mvalidate.js[0m) [31mskipping validator manifest-dependency[0m
2023-10-30 13:03:43.830 +0530 [debug] ([34mvalidate.js[0m) [31mrunning validator oauth[0m
2023-10-30 13:03:43.830 +0530 [debug] ([34mvalidate.js[0m) [31mskipping validator pkgsize[0m
2023-10-30 13:03:43.830 +0530 [debug] ([34mvalidate.js[0m) [31mrunning validator schema[0m
2023-10-30 13:03:43.831 +0530 [debug] ([34mvalidate.js[0m) [31mrunning validator version-check[0m
2023-10-30 13:03:43.837 +0530 [debug] ([34mwatcher.js[0m) [31mPreparing to watch the following files ./app,./config,./manifest.json[0m
2023-10-30 13:03:43.843 +0530 [debug] ([34mdata.js[0m) [31mRead {}[0m
2023-10-30 13:03:43.843 +0530 [debug] ([34mcustom-objects.js[0m) [31mto force or not? undefined[0m
2023-10-30 13:03:43.843 +0530 [debug] ([34mcustom-objects.js[0m) [31mbeginning to re-sync db[0m
2023-10-30 13:03:44.052 +0530 [debug] ([34mindex.js[0m) [31mloading model at "/usr/local/lib/node_modules/fdk/lib/models/bigint-pivot.js"[0m
2023-10-30 13:03:44.054 +0530 [debug] ([34mindex.js[0m) [31mloading model at "/usr/local/lib/node_modules/fdk/lib/models/entity-field-choice.js"[0m
2023-10-30 13:03:44.055 +0530 [debug] ([34mindex.js[0m) [31mloading model at "/usr/local/lib/node_modules/fdk/lib/models/entity-field.js"[0m
2023-10-30 13:03:44.056 +0530 [debug] ([34mindex.js[0m) [31mloading model at "/usr/local/lib/node_modules/fdk/lib/models/entity.js"[0m
2023-10-30 13:03:44.057 +0530 [debug] ([34mindex.js[0m) [31mloading model at "/usr/local/lib/node_modules/fdk/lib/models/record.js"[0m
2023-10-30 13:03:44.059 +0530 [debug] ([34mindex.js[0m) [31mloading model at "/usr/local/lib/node_modules/fdk/lib/models/string-pivot.js"[0m
2023-10-30 13:03:44.079 +0530 [debug] ([34mdata.js[0m) [31mRead {}[0m
2023-10-30 13:03:44.080 +0530 [debug] ([34mcustom-objects.js[0m) [31mupdated local store with latest entity hash[0m
2023-10-30 13:03:44.081 +0530 [info] Starting local testing server at http://*:10001/    
Append 'dev=true' to your current host URL to start testing    
     
e.g:     
2023-10-30 13:03:44.081 +0530 [info]   https://domain.freshdesk.com/a/tickets/1?dev=true
2023-10-30 13:03:44.081 +0530 [info]   https://domain.freshservice.com/helpdesk/tickets/1?dev=true
2023-10-30 13:03:44.081 +0530 [info] 
Quit the server with Control-C.
2023-10-30 13:04:49.076 +0530 [debug] ([34mconfigs.js[0m) [31mloaded default configs as "{"updates":{"manifest_url":"https://cdn.freshdev.io/assets/fdk/pv3_updates.json","period":24},"log":{"level":"info"},"javascript":{"ecma_version":2020},"request":{"timeout":5000},"global_apps":{"enabled":false},"easel":{"enabled":false}}"[0m
2023-10-30 13:04:49.080 +0530 [debug] ([34mfile.js[0m) [31mError while requiring /Users/saifas/.fdk/configs.json: Cannot find module '/Users/saifas/.fdk/configs.json'
Require stack:
- /usr/local/lib/node_modules/fdk/lib/utils/file.js
- /usr/local/lib/node_modules/fdk/lib/configs.js
- /usr/local/lib/node_modules/fdk/lib/logger.js
- /usr/local/lib/node_modules/fdk/index.js[0m
2023-10-30 13:04:49.080 +0530 [debug] ([34mconfigs.js[0m) [31mloaded global configs as "{}"[0m
2023-10-30 13:04:49.080 +0530 [debug] ([34mconfigs.js[0m) [31mloaded local configs as "{"global_apps":{"enabled":"true"}}"[0m
2023-10-30 13:04:49.081 +0530 [debug] ([34mconfigs.js[0m) [31mloaded env configs as "{"updates":{},"log":{},"javascript":{},"request":{"timeout":5000}}"[0m
2023-10-30 13:04:49.081 +0530 [debug] ([34mconfigs.js[0m) [31mloaded resolved configs as "{"updates":{"manifest_url":"https://cdn.freshdev.io/assets/fdk/pv3_updates.json","period":24},"log":{"level":"info"},"javascript":{"ecma_version":2020},"request":{"timeout":5000},"global_apps":{"enabled":"true"},"easel":{"enabled":false}}"[0m
2023-10-30 13:04:49.081 +0530 [debug] ([34mlogger.js[0m) [31mStarting FDK in node v18.16.1 on darwin[0m
2023-10-30 13:04:49.081 +0530 [debug] ([34msequelize.js[0m) [31msetting up sqilite at "/Users/saifas/MyLab/freshworks-apps/global-app-features/local-simulation/.fdk/store.sqlite"[0m
2023-10-30 13:04:49.081 +0530 [debug] ([34mdata.js[0m) [31mRead {"version_details":{"cli":{"deprecated":{"version":"<9","message":"This FDK version will be deprecated by September 30, 2023 There will be no further feature updates to this version. For a seamless app building experience, ensure to move to the latest FDK version. For more information, see https://developers.freshdesk.com/v2/docs/migration-overview/#latest_platform_version_migration."},"forced":{"version":"7.0.0","command":"npm install https://dl.freshdev.io/cli/fdk-7.0.0.tgz -g","message":"Your FDK version has been forced updated to v7.0.0, please visit https://community.developers.freshworks.com/t/fdk-v7-0-announcing-node-js-v12-and-es6-support/3606 to know more"},"latest":{"version":"9.1.0","command":"npm install https://cdn.freshdev.io/fdk/v9.1.0-internal.tgz -g","message":"You are on the latest FDK version. For information on the features available as part of this FDK version, see https://developers.freshworks.com/docs/?tab=modules."}},"addon":{"version":"2.0.0","url":"https://cdn.freshdev.io/assets/fdk/addons/addon-2.0.0.zip"}},"last_updated":{"time_stamp":1698646766702}}[0m
2023-10-30 13:04:49.082 +0530 [debug] ([34mupdater.js[0m) [31mlast check less than 24 hours ago, not looking for updates[0m
2023-10-30 13:04:49.088 +0530 [debug] ([34mindex.js[0m) [31mrunning with opts {}[0m
2023-10-30 13:04:49.376 +0530 [debug] ([34mdata.js[0m) [31mRead {"version_details":{"cli":{"deprecated":{"version":"<9","message":"This FDK version will be deprecated by September 30, 2023 There will be no further feature updates to this version. For a seamless app building experience, ensure to move to the latest FDK version. For more information, see https://developers.freshdesk.com/v2/docs/migration-overview/#latest_platform_version_migration."},"forced":{"version":"7.0.0","command":"npm install https://dl.freshdev.io/cli/fdk-7.0.0.tgz -g","message":"Your FDK version has been forced updated to v7.0.0, please visit https://community.developers.freshworks.com/t/fdk-v7-0-announcing-node-js-v12-and-es6-support/3606 to know more"},"latest":{"version":"9.1.0","command":"npm install https://cdn.freshdev.io/fdk/v9.1.0-internal.tgz -g","message":"You are on the latest FDK version. For information on the features available as part of this FDK version, see https://developers.freshworks.com/docs/?tab=modules."}},"addon":{"version":"2.0.0","url":"https://cdn.freshdev.io/assets/fdk/addons/addon-2.0.0.zip"}},"last_updated":{"time_stamp":1698646766702}}[0m
2023-10-30 13:04:49.381 +0530 [debug] ([34mmanifest.js[0m) [31mReloading manifest with {"platform-version":"3.0","modules":{"common":{"location":{"full_page_app":{"url":"index.html","icon":"styles/images/icon.svg"}},"requests":{}},"support_ticket":{"location":{"ticket_sidebar":{"url":"index.html","icon":"styles/images/icon.svg"}}},"service_ticket":{"location":{"ticket_sidebar":{"url":"index.html","icon":"styles/images/icon.svg"}}},"deal":{"location":{"deal_entity_menu":{"url":"index.html","icon":"styles/images/icon.svg"}}}},"engines":{"node":"18.16.1","fdk":"9.1.0"}}.[0m
2023-10-30 13:04:49.381 +0530 [debug] ([34mmanifest.js[0m) [31mInferred db as features.[0m
2023-10-30 13:04:49.404 +0530 [debug] ([34mdata.js[0m) [31mRead {"version_details":{"cli":{"deprecated":{"version":"<9","message":"This FDK version will be deprecated by September 30, 2023 There will be no further feature updates to this version. For a seamless app building experience, ensure to move to the latest FDK version. For more information, see https://developers.freshdesk.com/v2/docs/migration-overview/#latest_platform_version_migration."},"forced":{"version":"7.0.0","command":"npm install https://dl.freshdev.io/cli/fdk-7.0.0.tgz -g","message":"Your FDK version has been forced updated to v7.0.0, please visit https://community.developers.freshworks.com/t/fdk-v7-0-announcing-node-js-v12-and-es6-support/3606 to know more"},"latest":{"version":"9.1.0","command":"npm install https://cdn.freshdev.io/fdk/v9.1.0-internal.tgz -g","message":"You are on the latest FDK version. For information on the features available as part of this FDK version, see https://developers.freshworks.com/docs/?tab=modules."}},"addon":{"version":"2.0.0","url":"https://cdn.freshdev.io/assets/fdk/addons/addon-2.0.0.zip"}},"last_updated":{"time_stamp":1698646766702}}[0m
2023-10-30 13:04:50.830 +0530 [debug] ([34mdata.js[0m) [31mRead {"version_details":{"cli":{"deprecated":{"version":"<9","message":"This FDK version will be deprecated by September 30, 2023 There will be no further feature updates to this version. For a seamless app building experience, ensure to move to the latest FDK version. For more information, see https://developers.freshdesk.com/v2/docs/migration-overview/#latest_platform_version_migration."},"forced":{"version":"7.0.0","command":"npm install https://dl.freshdev.io/cli/fdk-7.0.0.tgz -g","message":"Your FDK version has been forced updated to v7.0.0, please visit https://community.developers.freshworks.com/t/fdk-v7-0-announcing-node-js-v12-and-es6-support/3606 to know more"},"latest":{"version":"9.1.0","command":"npm install https://cdn.freshdev.io/fdk/v9.1.0-internal.tgz -g","message":"You are on the latest FDK version. For information on the features available as part of this FDK version, see https://developers.freshworks.com/docs/?tab=modules."}},"addon":{"version":"2.0.0","url":"https://cdn.freshdev.io/assets/fdk/addons/addon-2.0.0.zip"}},"last_updated":{"time_stamp":1698646766702}}[0m
2023-10-30 13:04:51.722 +0530 [debug] ([34mvalidate.js[0m) [31masked to skip the following validations, [0m
2023-10-30 13:04:51.723 +0530 [debug] ([34mvalidate.js[0m) [31mrunning validator actions[0m
2023-10-30 13:04:51.723 +0530 [debug] ([34mvalidate.js[0m) [31mrunning validator requests[0m
2023-10-30 13:04:51.723 +0530 [debug] ([34mvalidate.js[0m) [31mrunning validator app-dir[0m
2023-10-30 13:04:51.725 +0530 [debug] ([34mvalidate.js[0m) [31mrunning validator config-dir[0m
2023-10-30 13:04:51.725 +0530 [debug] ([34mconfig-dir.js[0m) [31mChecking to see if /Users/saifas/MyLab/freshworks-apps/global-app-features/local-simulation/config/ exists.[0m
2023-10-30 13:04:51.725 +0530 [debug] ([34mconfig-dir.js[0m) [31mFetched the following config files iparams.json[0m
2023-10-30 13:04:51.726 +0530 [debug] ([34mvalidate.js[0m) [31mrunning validator custom-objects[0m
2023-10-30 13:04:51.726 +0530 [debug] ([34mvalidate.js[0m) [31mrunning validator event[0m
2023-10-30 13:04:51.726 +0530 [debug] ([34mvalidate.js[0m) [31mrunning validator iparam[0m
2023-10-30 13:04:51.729 +0530 [debug] ([34mvalidate.js[0m) [31mrunning validator lint[0m
2023-10-30 13:04:51.729 +0530 [debug] ([34mlint.js[0m) [31mpassed fix flag: undefined[0m
2023-10-30 13:04:51.732 +0530 [debug] ([34mlint.js[0m) [31mRunning the following lints on the file app/scripts/app.js : no-caller,no-process-env,complexity,max-nested-callbacks,handle-callback-err,no-eval,no-alert,no-debugger,no-unreachable,no-unhandled-promise,no-logging-rejections,no-non-client-request-model,no-deprecated-apis,no-proxy-requests,no-cross-scope-assign[0m
2023-10-30 13:04:51.768 +0530 [debug] ([34mvalidate.js[0m) [31mrunning validator manifest[0m
2023-10-30 13:04:51.769 +0530 [debug] ([34mvalidate.js[0m) [31mskipping validator manifest-dependency[0m
2023-10-30 13:04:51.769 +0530 [debug] ([34mvalidate.js[0m) [31mrunning validator oauth[0m
2023-10-30 13:04:51.769 +0530 [debug] ([34mvalidate.js[0m) [31mskipping validator pkgsize[0m
2023-10-30 13:04:51.769 +0530 [debug] ([34mvalidate.js[0m) [31mrunning validator schema[0m
2023-10-30 13:04:51.769 +0530 [debug] ([34mvalidate.js[0m) [31mrunning validator version-check[0m
2023-10-30 13:04:51.777 +0530 [debug] ([34mwatcher.js[0m) [31mPreparing to watch the following files ./app,./config,./manifest.json[0m
2023-10-30 13:04:51.782 +0530 [debug] ([34mdata.js[0m) [31mRead {}[0m
2023-10-30 13:04:51.783 +0530 [debug] ([34mcustom-objects.js[0m) [31mto force or not? undefined[0m
2023-10-30 13:04:51.783 +0530 [debug] ([34mcustom-objects.js[0m) [31mbeginning to re-sync db[0m
2023-10-30 13:04:51.982 +0530 [debug] ([34mindex.js[0m) [31mloading model at "/usr/local/lib/node_modules/fdk/lib/models/bigint-pivot.js"[0m
2023-10-30 13:04:51.983 +0530 [debug] ([34mindex.js[0m) [31mloading model at "/usr/local/lib/node_modules/fdk/lib/models/entity-field-choice.js"[0m
2023-10-30 13:04:51.984 +0530 [debug] ([34mindex.js[0m) [31mloading model at "/usr/local/lib/node_modules/fdk/lib/models/entity-field.js"[0m
2023-10-30 13:04:51.985 +0530 [debug] ([34mindex.js[0m) [31mloading model at "/usr/local/lib/node_modules/fdk/lib/models/entity.js"[0m
2023-10-30 13:04:51.986 +0530 [debug] ([34mindex.js[0m) [31mloading model at "/usr/local/lib/node_modules/fdk/lib/models/record.js"[0m
2023-10-30 13:04:51.987 +0530 [debug] ([34mindex.js[0m) [31mloading model at "/usr/local/lib/node_modules/fdk/lib/models/string-pivot.js"[0m
2023-10-30 13:04:52.010 +0530 [debug] ([34mdata.js[0m) [31mRead {}[0m
2023-10-30 13:04:52.011 +0530 [debug] ([34mcustom-objects.js[0m) [31mupdated local store with latest entity hash[0m
2023-10-30 13:04:52.011 +0530 [info] Starting local testing server at http://*:10001/    
Append 'dev=true' to your current host URL to start testing    
     
e.g:     
2023-10-30 13:04:52.012 +0530 [info]   https://domain.freshdesk.com/a/tickets/1?dev=true
2023-10-30 13:04:52.012 +0530 [info]   https://domain.freshservice.com/helpdesk/tickets/1?dev=true
2023-10-30 13:04:52.012 +0530 [info]   https://domain.freshsales.io/contacts/2007663673?dev=true
2023-10-30 13:04:52.012 +0530 [info]   https://domain.myfreshworks.com/crm/sales/contacts/2007663673?dev=true
2023-10-30 13:04:52.012 +0530 [info] 
Quit the server with Control-C.
